Log file open, 01/16/19 16:03:44
LogWindows: Failed to load 'aqProf.dll' (GetLastError=126)
LogWindows: File 'aqProf.dll' does not exist
LogWindows: Failed to load 'VtuneApi.dll' (GetLastError=126)
LogWindows: File 'VtuneApi.dll' does not exist
LogWindows: Failed to load 'VtuneApi32e.dll' (GetLastError=126)
LogWindows: File 'VtuneApi32e.dll' does not exist
LogConsoleResponse: Display: Failed to find resolution value strings in scalability ini. Falling back to default.
LogInit: Display: Running engine for game: GameProject
LogPakFile: Registered encryption key '00000000000000000000000000000000': 0 pak files mounted, 0 remain pending
LogPlatformFile: Not using cached read wrapper
LogTaskGraph: Started task graph with 5 named threads and 14 total threads with 3 sets of task threads.
LogStats: Stats thread started at 3.748494
LogD3D11RHI: Loaded GFSDK_Aftermath_Lib.x64.dll
LogICUInternationalization: ICU TimeZone Detection - Raw Offset: +10:00, Platform Override: ''
LogPluginManager: Mounting plugin Paper2D
LogPluginManager: Mounting plugin AISupport
LogPluginManager: Mounting plugin LightPropagationVolume
LogPluginManager: Mounting plugin ActorLayerUtilities
LogPluginManager: Mounting plugin CLionSourceCodeAccess
LogPluginManager: Mounting plugin CodeLiteSourceCodeAccess
LogPluginManager: Mounting plugin GitSourceControl
LogPluginManager: Mounting plugin KDevelopSourceCodeAccess
LogPluginManager: Mounting plugin NullSourceCodeAccess
LogPluginManager: Mounting plugin PerforceSourceControl
LogPluginManager: Mounting plugin SubversionSourceControl
LogPluginManager: Mounting plugin UObjectPlugin
LogPluginManager: Mounting plugin VisualStudioCodeSourceCodeAccess
LogPluginManager: Mounting plugin VisualStudioSourceCodeAccess
LogPluginManager: Mounting plugin XCodeSourceCodeAccess
LogPluginManager: Mounting plugin AssetManagerEditor
LogPluginManager: Mounting plugin CryptoKeys
LogPluginManager: Mounting plugin DataValidation
LogPluginManager: Mounting plugin FacialAnimation
LogPluginManager: Mounting plugin GameplayTagsEditor
LogPluginManager: Mounting plugin MacGraphicsSwitching
LogPluginManager: Mounting plugin MeshEditor
LogPluginManager: Mounting plugin MobileLauncherProfileWizard
LogPluginManager: Mounting plugin PluginBrowser
LogPluginManager: Mounting plugin SpeedTreeImporter
LogPluginManager: Mounting plugin DatasmithContent
LogPluginManager: Mounting plugin VariantManagerContent
LogPluginManager: Mounting plugin AlembicImporter
LogPluginManager: Mounting plugin AppleImageUtils
LogPluginManager: Mounting plugin AppleVision
LogPluginManager: Mounting plugin BackChannel
LogPluginManager: Mounting plugin CharacterAI
LogPluginManager: Mounting plugin GeometryCache
LogPluginManager: Mounting plugin HTML5Networking
LogPluginManager: Mounting plugin ProxyLODPlugin
LogPluginManager: Mounting plugin MagicLeap
LogPluginManager: Mounting plugin MagicLeapMedia
LogPluginManager: Mounting plugin AndroidMedia
LogPluginManager: Mounting plugin AvfMedia
LogPluginManager: Mounting plugin ImgMedia
LogPluginManager: Mounting plugin LinearTimecode
LogPluginManager: Mounting plugin MediaCompositing
LogPluginManager: Mounting plugin MediaPlayerEditor
LogPluginManager: Mounting plugin WebMMedia
LogPluginManager: Mounting plugin WmfMedia
LogPluginManager: Mounting plugin TcpMessaging
LogPluginManager: Mounting plugin UdpMessaging
LogPluginManager: Mounting plugin ActorSequence
LogPluginManager: Mounting plugin LevelSequenceEditor
LogPluginManager: Mounting plugin MatineeToLevelSequence
LogPluginManager: Mounting plugin NetcodeUnitTest
LogPluginManager: Mounting plugin NUTUnrealEngine4
LogPluginManager: Mounting plugin OnlineSubsystemGooglePlay
LogPluginManager: Mounting plugin OnlineSubsystemIOS
LogPluginManager: Mounting plugin OnlineSubsystem
LogPluginManager: Mounting plugin OnlineSubsystemNull
LogPluginManager: Mounting plugin OnlineSubsystemUtils
LogPluginManager: Mounting plugin LauncherChunkInstaller
LogPluginManager: Mounting plugin AndroidDeviceProfileSelector
LogPluginManager: Mounting plugin AndroidMoviePlayer
LogPluginManager: Mounting plugin AndroidPermission
LogPluginManager: Mounting plugin AppleMoviePlayer
LogPluginManager: Mounting plugin ArchVisCharacter
LogPluginManager: Mounting plugin AudioCapture
LogPluginManager: Mounting plugin CableComponent
LogPluginManager: Mounting plugin CustomMeshComponent
LogPluginManager: Mounting plugin EditableMesh
LogPluginManager: Mounting plugin ExampleDeviceProfileSelector
LogPluginManager: Mounting plugin Firebase
LogPluginManager: Mounting plugin GoogleCloudMessaging
LogPluginManager: Mounting plugin IOSDeviceProfileSelector
LogPluginManager: Mounting plugin LinuxDeviceProfileSelector
LogPluginManager: Mounting plugin LocationServicesBPLibrary
LogPluginManager: Mounting plugin MobilePatchingUtils
LogPluginManager: Mounting plugin OculusVR
LogPluginManager: Mounting plugin PhysXVehicles
LogPluginManager: Mounting plugin ProceduralMeshComponent
LogPluginManager: Mounting plugin RuntimePhysXCooking
LogPluginManager: Mounting plugin SteamVR
LogPluginManager: Mounting plugin WebMMoviePlayer
LogPluginManager: Mounting plugin WindowsMoviePlayer
LogStreaming: Display: Took  0.179s to configure plugins.
LogInit: Using libcurl 7.55.1-DEV
LogInit:  - built for x86_64-pc-win32
LogInit:  - supports SSL with OpenSSL/1.0.2h
LogInit:  - supports HTTP deflate (compression) using libz 1.2.8
LogInit:  - other features:
LogInit:      CURL_VERSION_SSL
LogInit:      CURL_VERSION_LIBZ
LogInit:      CURL_VERSION_IPV6
LogInit:      CURL_VERSION_ASYNCHDNS
LogInit:      CURL_VERSION_LARGEFILE
LogInit:      CURL_VERSION_IDN
LogInit:  CurlRequestOptions (configurable via config and command line):
LogInit:  - bVerifyPeer = true  - Libcurl will verify peer certificate
LogInit:  - bUseHttpProxy = false  - Libcurl will NOT use HTTP proxy
LogInit:  - bDontReuseConnections = false  - Libcurl will reuse connections
LogInit:  - MaxHostConnections = 16  - Libcurl will limit the number of connections to a host
LogInit:  - LocalHostAddr = Default
LogInit:  - BufferSize = 65536
LogInit: WinSock: version 1.1 (2.2), MaxSocks=32767, MaxUdp=65467
LogInit: Build: ++UE4+Release-4.21-CL-4613538
LogInit: Engine Version: 4.21.1-4613538+++UE4+Release-4.21
LogInit: Compatible Engine Version: 4.21.0-4541578+++UE4+Release-4.21
LogInit: Net CL: 4541578
LogInit: OS: Windows 10 (), CPU: Intel(R) Core(TM) i5-4460  CPU @ 3.20GHz, GPU: NVIDIA GeForce GTX 750
LogInit: Compiled (64-bit): Nov 30 2018 04:13:25
LogInit: Compiled with Visual C++: 19.13.26129.00
LogInit: Build Configuration: Development
LogInit: Branch Name: ++UE4+Release-4.21
LogInit: Command Line: 
LogInit: Base Directory: D:/Code/Unreal Installation/UE_4.21/Engine/Binaries/Win64/
LogInit: Installed Engine Build: 1
LogDevObjectVersion: Number of dev versions registered: 22
LogDevObjectVersion:   Dev-Blueprints (B0D832E4-1F89-4F0D-ACCF-7EB736FD4AA2): 10
LogDevObjectVersion:   Dev-Build (E1C64328-A22C-4D53-A36C-8E866417BD8C): 0
LogDevObjectVersion:   Dev-Core (375EC13C-06E4-48FB-B500-84F0262A717E): 2
LogDevObjectVersion:   Dev-Editor (E4B068ED-F494-42E9-A231-DA0B2E46BB41): 26
LogDevObjectVersion:   Dev-Framework (CFFC743F-43B0-4480-9391-14DF171D2073): 34
LogDevObjectVersion:   Dev-Mobile (B02B49B5-BB20-44E9-A304-32B752E40360): 2
LogDevObjectVersion:   Dev-Networking (A4E4105C-59A1-49B5-A7C5-40C4547EDFEE): 0
LogDevObjectVersion:   Dev-Online (39C831C9-5AE6-47DC-9A44-9C173E1C8E7C): 0
LogDevObjectVersion:   Dev-Physics (78F01B33-EBEA-4F98-B9B4-84EACCB95AA2): 0
LogDevObjectVersion:   Dev-Platform (6631380F-2D4D-43E0-8009-CF276956A95A): 0
LogDevObjectVersion:   Dev-Rendering (12F88B9F-8875-4AFC-A67C-D90C383ABD29): 27
LogDevObjectVersion:   Dev-Sequencer (7B5AE74C-D270-4C10-A958-57980B212A5A): 9
LogDevObjectVersion:   Dev-VR (D7296918-1DD6-4BDD-9DE2-64A83CC13884): 2
LogDevObjectVersion:   Dev-LoadTimes (C2A15278-BFE7-4AFE-6C17-90FF531DF755): 1
LogDevObjectVersion:   Private-Geometry (6EACA3D4-40EC-4CC1-B786-8BED09428FC5): 3
LogDevObjectVersion:   Dev-AnimPhys (29E575DD-E0A3-4627-9D10-D276232CDCEA): 17
LogDevObjectVersion:   Dev-Anim (AF43A65D-7FD3-4947-9873-3E8ED9C1BB05): 2
LogDevObjectVersion:   Dev-ReflectionCapture (6B266CEC-1EC7-4B8F-A30B-E4D90942FC07): 1
LogDevObjectVersion:   Dev-Automation (0DF73D61-A23F-47EA-B727-89E90C41499A): 1
LogDevObjectVersion:   FortniteMain (601D1886-AC64-4F84-AA16-D3DE0DEAC7D6): 17
LogDevObjectVersion:   Dev-Enterprise (9DFFBCD6-494F-0158-E221-12823C92A888): 4
LogDevObjectVersion:   Dev-Niagara (F2AED0AC-9AFE-416F-8664-AA7FFA26D6FC): 1
LogStreaming: Display: Took  0.015s to delete old logs.
LogInit: Presizing for max 8388607 objects, including 0 objects not considered by GC, pre-allocating 0 bytes for permanent pool.
LogInit: Object subsystem initialized
LogConfig: Setting CVar [[con.DebugEarlyDefault:1]]
LogConfig: Setting CVar [[r.setres:1280x720]]
[2019.01.16-05.03.46:160][  0]LogConfig: Setting CVar [[r.VSync:0]]
[2019.01.16-05.03.46:161][  0]LogConfig: Setting CVar [[r.RHICmdBypass:0]]
[2019.01.16-05.03.46:161][  0]LogConfig: Applying CVar settings from Section [/Script/Engine.RendererSettings] File [D:/Code/UnrealProjects/Project-Air/GameProject/Saved/Config/Windows/Engine.ini]
[2019.01.16-05.03.46:161][  0]LogConfig: Setting CVar [[r.GPUCrashDebugging:0]]
[2019.01.16-05.03.46:161][  0]LogConfig: Applying CVar settings from Section [/Script/Engine.RendererOverrideSettings] File [D:/Code/UnrealProjects/Project-Air/GameProject/Saved/Config/Windows/Engine.ini]
[2019.01.16-05.03.46:161][  0]LogConfig: Applying CVar settings from Section [/Script/Engine.StreamingSettings] File [D:/Code/UnrealProjects/Project-Air/GameProject/Saved/Config/Windows/Engine.ini]
[2019.01.16-05.03.46:161][  0]LogConfig: Setting CVar [[s.MinBulkDataSizeForAsyncLoading:131072]]
[2019.01.16-05.03.46:161][  0]LogConfig: Setting CVar [[s.AsyncLoadingThreadEnabled:0]]
[2019.01.16-05.03.46:161][  0]LogConfig: Setting CVar [[s.EventDrivenLoaderEnabled:1]]
[2019.01.16-05.03.46:161][  0]LogConfig: Setting CVar [[s.WarnIfTimeLimitExceeded:0]]
[2019.01.16-05.03.46:161][  0]LogConfig: Setting CVar [[s.TimeLimitExceededMultiplier:1.5]]
[2019.01.16-05.03.46:161][  0]LogConfig: Setting CVar [[s.TimeLimitExceededMinTime:0.005]]
[2019.01.16-05.03.46:161][  0]LogConfig: Setting CVar [[s.UseBackgroundLevelStreaming:1]]
[2019.01.16-05.03.46:161][  0]LogConfig: Setting CVar [[s.PriorityAsyncLoadingExtraTime:15.0]]
[2019.01.16-05.03.46:161][  0]LogConfig: Setting CVar [[s.LevelStreamingActorsUpdateTimeLimit:5.0]]
[2019.01.16-05.03.46:161][  0]LogConfig: Setting CVar [[s.PriorityLevelStreamingActorsUpdateExtraTime:5.0]]
[2019.01.16-05.03.46:161][  0]LogConfig: Setting CVar [[s.LevelStreamingComponentsRegistrationGranularity:10]]
[2019.01.16-05.03.46:161][  0]LogConfig: Setting CVar [[s.UnregisterComponentsTimeLimit:1.0]]
[2019.01.16-05.03.46:161][  0]LogConfig: Setting CVar [[s.LevelStreamingComponentsUnregistrationGranularity:5]]
[2019.01.16-05.03.46:161][  0]LogConfig: Applying CVar settings from Section [/Script/Engine.GarbageCollectionSettings] File [D:/Code/UnrealProjects/Project-Air/GameProject/Saved/Config/Windows/Engine.ini]
[2019.01.16-05.03.46:161][  0]LogConfig: Setting CVar [[gc.MaxObjectsNotConsideredByGC:1]]
[2019.01.16-05.03.46:161][  0]LogConfig: Setting CVar [[gc.SizeOfPermanentObjectPool:0]]
[2019.01.16-05.03.46:161][  0]LogConfig: Setting CVar [[gc.FlushStreamingOnGC:0]]
[2019.01.16-05.03.46:161][  0]LogConfig: Setting CVar [[gc.NumRetriesBeforeForcingGC:10]]
[2019.01.16-05.03.46:161][  0]LogConfig: Setting CVar [[gc.AllowParallelGC:1]]
[2019.01.16-05.03.46:161][  0]LogConfig: Setting CVar [[gc.TimeBetweenPurgingPendingKillObjects:61.1]]
[2019.01.16-05.03.46:161][  0]LogConfig: Setting CVar [[gc.MaxObjectsInEditor:8388607]]
[2019.01.16-05.03.46:161][  0]LogConfig: Setting CVar [[gc.IncrementalBeginDestroyEnabled:1]]
[2019.01.16-05.03.46:161][  0]LogConfig: Setting CVar [[gc.CreateGCClusters:1]]
[2019.01.16-05.03.46:161][  0]LogConfig: Setting CVar [[gc.MergeGCClusters:0]]
[2019.01.16-05.03.46:161][  0]LogConfig: Setting CVar [[gc.MinGCClusterSize:5]]
[2019.01.16-05.03.46:161][  0]LogConfig: Setting CVar [[gc.ActorClusteringEnabled:0]]
[2019.01.16-05.03.46:161][  0]LogConfig: Setting CVar [[gc.BlueprintClusteringEnabled:0]]
[2019.01.16-05.03.46:161][  0]LogConfig: Setting CVar [[gc.UseDisregardForGCOnDedicatedServers:0]]
[2019.01.16-05.03.46:161][  0]LogConfig: Applying CVar settings from Section [/Script/Engine.NetworkSettings] File [D:/Code/UnrealProjects/Project-Air/GameProject/Saved/Config/Windows/Engine.ini]
[2019.01.16-05.03.46:161][  0]LogConfig: Applying CVar settings from Section [/Script/UnrealEd.CookerSettings] File [D:/Code/UnrealProjects/Project-Air/GameProject/Saved/Config/Windows/Engine.ini]
[2019.01.16-05.03.46:224][  0]LogConfig: Applying CVar settings from Section [ViewDistanceQuality@3] File [D:/Code/UnrealProjects/Project-Air/GameProject/Saved/Config/Windows/Scalability.ini]
[2019.01.16-05.03.46:224][  0]LogConfig: Setting CVar [[r.SkeletalMeshLODBias:0]]
[2019.01.16-05.03.46:224][  0]LogConfig: Setting CVar [[r.ViewDistanceScale:1.0]]
[2019.01.16-05.03.46:224][  0]LogConfig: Applying CVar settings from Section [AntiAliasingQuality@3] File [D:/Code/UnrealProjects/Project-Air/GameProject/Saved/Config/Windows/Scalability.ini]
[2019.01.16-05.03.46:224][  0]LogConfig: Setting CVar [[r.PostProcessAAQuality:4]]
[2019.01.16-05.03.46:224][  0]LogConfig: Applying CVar settings from Section [ShadowQuality@3] File [D:/Code/UnrealProjects/Project-Air/GameProject/Saved/Config/Windows/Scalability.ini]
[2019.01.16-05.03.46:224][  0]LogConfig: Setting CVar [[r.LightFunctionQuality:1]]
[2019.01.16-05.03.46:224][  0]LogConfig: Setting CVar [[r.ShadowQuality:5]]
[2019.01.16-05.03.46:224][  0]LogConfig: Setting CVar [[r.Shadow.CSM.MaxCascades:10]]
[2019.01.16-05.03.46:224][  0]LogConfig: Setting CVar [[r.Shadow.MaxResolution:2048]]
[2019.01.16-05.03.46:224][  0]LogConfig: Setting CVar [[r.Shadow.MaxCSMResolution:2048]]
[2019.01.16-05.03.46:224][  0]LogConfig: Setting CVar [[r.Shadow.RadiusThreshold:0.01]]
[2019.01.16-05.03.46:224][  0]LogConfig: Setting CVar [[r.Shadow.DistanceScale:1.0]]
[2019.01.16-05.03.46:224][  0]LogConfig: Setting CVar [[r.Shadow.CSM.TransitionScale:1.0]]
[2019.01.16-05.03.46:224][  0]LogConfig: Setting CVar [[r.Shadow.PreShadowResolutionFactor:1.0]]
[2019.01.16-05.03.46:224][  0]LogConfig: Setting CVar [[r.DistanceFieldShadowing:1]]
[2019.01.16-05.03.46:224][  0]LogConfig: Setting CVar [[r.DistanceFieldAO:1]]
[2019.01.16-05.03.46:224][  0]LogConfig: Setting CVar [[r.AOQuality:2]]
[2019.01.16-05.03.46:224][  0]LogConfig: Setting CVar [[r.VolumetricFog:1]]
[2019.01.16-05.03.46:224][  0]LogConfig: Setting CVar [[r.VolumetricFog.GridPixelSize:8]]
[2019.01.16-05.03.46:224][  0]LogConfig: Setting CVar [[r.VolumetricFog.GridSizeZ:128]]
[2019.01.16-05.03.46:224][  0]LogConfig: Setting CVar [[r.VolumetricFog.HistoryMissSupersampleCount:4]]
[2019.01.16-05.03.46:224][  0]LogConfig: Setting CVar [[r.LightMaxDrawDistanceScale:1]]
[2019.01.16-05.03.46:224][  0]LogConfig: Setting CVar [[r.CapsuleShadows:1]]
[2019.01.16-05.03.46:224][  0]LogConfig: Applying CVar settings from Section [PostProcessQuality@3] File [D:/Code/UnrealProjects/Project-Air/GameProject/Saved/Config/Windows/Scalability.ini]
[2019.01.16-05.03.46:224][  0]LogConfig: Setting CVar [[r.MotionBlurQuality:4]]
[2019.01.16-05.03.46:224][  0]LogConfig: Setting CVar [[r.AmbientOcclusionMipLevelFactor:0.4]]
[2019.01.16-05.03.46:224][  0]LogConfig: Setting CVar [[r.AmbientOcclusionMaxQuality:100]]
[2019.01.16-05.03.46:224][  0]LogConfig: Setting CVar [[r.AmbientOcclusionLevels:-1]]
[2019.01.16-05.03.46:224][  0]LogConfig: Setting CVar [[r.AmbientOcclusionRadiusScale:1.0]]
[2019.01.16-05.03.46:224][  0]LogConfig: Setting CVar [[r.DepthOfFieldQuality:2]]
[2019.01.16-05.03.46:224][  0]LogConfig: Setting CVar [[r.RenderTargetPoolMin:400]]
[2019.01.16-05.03.46:224][  0]LogConfig: Setting CVar [[r.LensFlareQuality:2]]
[2019.01.16-05.03.46:224][  0]LogConfig: Setting CVar [[r.SceneColorFringeQuality:1]]
[2019.01.16-05.03.46:224][  0]LogConfig: Setting CVar [[r.EyeAdaptationQuality:2]]
[2019.01.16-05.03.46:224][  0]LogConfig: Setting CVar [[r.BloomQuality:5]]
[2019.01.16-05.03.46:224][  0]LogConfig: Setting CVar [[r.FastBlurThreshold:100]]
[2019.01.16-05.03.46:224][  0]LogConfig: Setting CVar [[r.Upscale.Quality:3]]
[2019.01.16-05.03.46:224][  0]LogConfig: Setting CVar [[r.Tonemapper.GrainQuantization:1]]
[2019.01.16-05.03.46:224][  0]LogConfig: Setting CVar [[r.LightShaftQuality:1]]
[2019.01.16-05.03.46:224][  0]LogConfig: Setting CVar [[r.Filter.SizeScale:1]]
[2019.01.16-05.03.46:224][  0]LogConfig: Setting CVar [[r.Tonemapper.Quality:5]]
[2019.01.16-05.03.46:224][  0]LogConfig: Setting CVar [[r.DOF.Gather.AccumulatorQuality:1        ; higher gathering accumulator quality]]
[2019.01.16-05.03.46:224][  0]LogConfig: Setting CVar [[r.DOF.Gather.PostfilterMethod:1          ; Median3x3 postfilering method]]
[2019.01.16-05.03.46:224][  0]LogConfig: Setting CVar [[r.DOF.Gather.EnableBokehSettings:0       ; no bokeh simulation when gathering]]
[2019.01.16-05.03.46:224][  0]LogConfig: Setting CVar [[r.DOF.Gather.RingCount:4                 ; medium number of samples when gathering]]
[2019.01.16-05.03.46:224][  0]LogConfig: Setting CVar [[r.DOF.Scatter.ForegroundCompositing:1    ; additive foreground scattering]]
[2019.01.16-05.03.46:224][  0]LogConfig: Setting CVar [[r.DOF.Scatter.BackgroundCompositing:2    ; additive background scattering]]
[2019.01.16-05.03.46:224][  0]LogConfig: Setting CVar [[r.DOF.Scatter.EnableBokehSettings:1      ; bokeh simulation when scattering]]
[2019.01.16-05.03.46:224][  0]LogConfig: Setting CVar [[r.DOF.Scatter.MaxSpriteRatio:0.1         ; only a maximum of 10% of scattered bokeh]]
[2019.01.16-05.03.46:224][  0]LogConfig: Setting CVar [[r.DOF.Recombine.Quality:1                ; cheap slight out of focus]]
[2019.01.16-05.03.46:224][  0]LogConfig: Setting CVar [[r.DOF.Recombine.EnableBokehSettings:0    ; no bokeh simulation on slight out of focus]]
[2019.01.16-05.03.46:224][  0]LogConfig: Setting CVar [[r.DOF.TemporalAAQuality:1                ; more stable temporal accumulation]]
[2019.01.16-05.03.46:224][  0]LogConfig: Setting CVar [[r.DOF.Kernel.MaxForegroundRadius:0.025]]
[2019.01.16-05.03.46:224][  0]LogConfig: Setting CVar [[r.DOF.Kernel.MaxBackgroundRadius:0.025]]
[2019.01.16-05.03.46:224][  0]LogConfig: Applying CVar settings from Section [TextureQuality@3] File [D:/Code/UnrealProjects/Project-Air/GameProject/Saved/Config/Windows/Scalability.ini]
[2019.01.16-05.03.46:224][  0]LogConfig: Setting CVar [[r.Streaming.MipBias:0]]
[2019.01.16-05.03.46:224][  0]LogConfig: Setting CVar [[r.Streaming.AmortizeCPUToGPUCopy:0]]
[2019.01.16-05.03.46:224][  0]LogConfig: Setting CVar [[r.Streaming.MaxNumTexturesToStreamPerFrame:0]]
[2019.01.16-05.03.46:224][  0]LogConfig: Setting CVar [[r.Streaming.Boost:1]]
[2019.01.16-05.03.46:224][  0]LogConfig: Setting CVar [[r.MaxAnisotropy:8]]
[2019.01.16-05.03.46:224][  0]LogConfig: Setting CVar [[r.Streaming.LimitPoolSizeToVRAM:0]]
[2019.01.16-05.03.46:224][  0]LogConfig: Setting CVar [[r.Streaming.PoolSize:1000]]
[2019.01.16-05.03.46:224][  0]LogConfig: Setting CVar [[r.Streaming.MaxEffectiveScreenSize:0]]
[2019.01.16-05.03.46:224][  0]LogConfig: Applying CVar settings from Section [EffectsQuality@3] File [D:/Code/UnrealProjects/Project-Air/GameProject/Saved/Config/Windows/Scalability.ini]
[2019.01.16-05.03.46:224][  0]LogConfig: Setting CVar [[r.TranslucencyLightingVolumeDim:64]]
[2019.01.16-05.03.46:224][  0]LogConfig: Setting CVar [[r.RefractionQuality:2]]
[2019.01.16-05.03.46:224][  0]LogConfig: Setting CVar [[r.SSR.Quality:3]]
[2019.01.16-05.03.46:225][  0]LogConfig: Setting CVar [[r.SceneColorFormat:4]]
[2019.01.16-05.03.46:225][  0]LogConfig: Setting CVar [[r.DetailMode:2]]
[2019.01.16-05.03.46:225][  0]LogConfig: Setting CVar [[r.TranslucencyVolumeBlur:1]]
[2019.01.16-05.03.46:225][  0]LogConfig: Setting CVar [[r.MaterialQualityLevel:1 ; High quality]]
[2019.01.16-05.03.46:225][  0]LogConfig: Setting CVar [[r.SSS.Scale:1]]
[2019.01.16-05.03.46:225][  0]LogConfig: Setting CVar [[r.SSS.SampleSet:2]]
[2019.01.16-05.03.46:225][  0]LogConfig: Setting CVar [[r.SSS.Quality:1]]
[2019.01.16-05.03.46:225][  0]LogConfig: Setting CVar [[r.SSS.HalfRes:1]]
[2019.01.16-05.03.46:225][  0]LogConfig: Setting CVar [[r.EmitterSpawnRateScale:1.0]]
[2019.01.16-05.03.46:225][  0]LogConfig: Setting CVar [[r.ParticleLightQuality:2]]
[2019.01.16-05.03.46:225][  0]LogConfig: Applying CVar settings from Section [FoliageQuality@3] File [D:/Code/UnrealProjects/Project-Air/GameProject/Saved/Config/Windows/Scalability.ini]
[2019.01.16-05.03.46:225][  0]LogConfig: Setting CVar [[foliage.DensityScale:1.0]]
[2019.01.16-05.03.46:225][  0]LogConfig: Setting CVar [[grass.DensityScale:1.0]]
[2019.01.16-05.03.46:231][  0]LogInit: Selected Device Profile: [Windows]
[2019.01.16-05.03.46:231][  0]LogInit: Applying CVar settings loaded from the selected device profile: [Windows]
[2019.01.16-05.03.46:265][  0]LogHAL: Display: Platform has ~ 8 GB [8445243392 / 8589934592 / 8], which maps to Default [LargestMinGB=32, LargerMinGB=12, DefaultMinGB=8, SmallerMinGB=6, SmallestMinGB=0)
[2019.01.16-05.03.46:268][  0]LogConfig: Setting CVar [[r.Vulkan.UseRealUBs:1]]
[2019.01.16-05.03.46:268][  0]LogInit: Going up to parent DeviceProfile []
[2019.01.16-05.03.46:269][  0]LogConfig: Applying CVar settings from Section [ViewDistanceQuality@1] File [D:/Code/UnrealProjects/Project-Air/GameProject/Saved/Config/Windows/Scalability.ini]
[2019.01.16-05.03.46:269][  0]LogConfig: Setting CVar [[r.SkeletalMeshLODBias:1]]
[2019.01.16-05.03.46:269][  0]LogConfig: Setting CVar [[r.ViewDistanceScale:0.6]]
[2019.01.16-05.03.46:269][  0]LogConfig: Applying CVar settings from Section [AntiAliasingQuality@1] File [D:/Code/UnrealProjects/Project-Air/GameProject/Saved/Config/Windows/Scalability.ini]
[2019.01.16-05.03.46:269][  0]LogConfig: Setting CVar [[r.PostProcessAAQuality:2]]
[2019.01.16-05.03.46:269][  0]LogConfig: Applying CVar settings from Section [ShadowQuality@1] File [D:/Code/UnrealProjects/Project-Air/GameProject/Saved/Config/Windows/Scalability.ini]
[2019.01.16-05.03.46:269][  0]LogConfig: Setting CVar [[r.LightFunctionQuality:1]]
[2019.01.16-05.03.46:269][  0]LogConfig: Setting CVar [[r.ShadowQuality:3]]
[2019.01.16-05.03.46:269][  0]LogConfig: Setting CVar [[r.Shadow.CSM.MaxCascades:1]]
[2019.01.16-05.03.46:269][  0]LogConfig: Setting CVar [[r.Shadow.MaxResolution:1024]]
[2019.01.16-05.03.46:269][  0]LogConfig: Setting CVar [[r.Shadow.MaxCSMResolution:1024]]
[2019.01.16-05.03.46:269][  0]LogConfig: Setting CVar [[r.Shadow.RadiusThreshold:0.05]]
[2019.01.16-05.03.46:269][  0]LogConfig: Setting CVar [[r.Shadow.DistanceScale:0.7]]
[2019.01.16-05.03.46:269][  0]LogConfig: Setting CVar [[r.Shadow.CSM.TransitionScale:0.25]]
[2019.01.16-05.03.46:269][  0]LogConfig: Setting CVar [[r.Shadow.PreShadowResolutionFactor:0.5]]
[2019.01.16-05.03.46:269][  0]LogConfig: Setting CVar [[r.DistanceFieldShadowing:0]]
[2019.01.16-05.03.46:269][  0]LogConfig: Setting CVar [[r.DistanceFieldAO:0]]
[2019.01.16-05.03.46:269][  0]LogConfig: Setting CVar [[r.VolumetricFog:0]]
[2019.01.16-05.03.46:269][  0]LogConfig: Setting CVar [[r.LightMaxDrawDistanceScale:.5]]
[2019.01.16-05.03.46:269][  0]LogConfig: Setting CVar [[r.CapsuleShadows:1]]
[2019.01.16-05.03.46:269][  0]LogConfig: Applying CVar settings from Section [PostProcessQuality@1] File [D:/Code/UnrealProjects/Project-Air/GameProject/Saved/Config/Windows/Scalability.ini]
[2019.01.16-05.03.46:269][  0]LogConfig: Setting CVar [[r.MotionBlurQuality:3]]
[2019.01.16-05.03.46:269][  0]LogConfig: Setting CVar [[r.AmbientOcclusionMipLevelFactor:1.0]]
[2019.01.16-05.03.46:269][  0]LogConfig: Setting CVar [[r.AmbientOcclusionMaxQuality:60]]
[2019.01.16-05.03.46:269][  0]LogConfig: Setting CVar [[r.AmbientOcclusionLevels:-1]]
[2019.01.16-05.03.46:269][  0]LogConfig: Setting CVar [[r.AmbientOcclusionRadiusScale:1.5]]
[2019.01.16-05.03.46:269][  0]LogConfig: Setting CVar [[r.DepthOfFieldQuality:1]]
[2019.01.16-05.03.46:269][  0]LogConfig: Setting CVar [[r.RenderTargetPoolMin:350]]
[2019.01.16-05.03.46:269][  0]LogConfig: Setting CVar [[r.LensFlareQuality:0]]
[2019.01.16-05.03.46:269][  0]LogConfig: Setting CVar [[r.SceneColorFringeQuality:0]]
[2019.01.16-05.03.46:269][  0]LogConfig: Setting CVar [[r.EyeAdaptationQuality:0]]
[2019.01.16-05.03.46:269][  0]LogConfig: Setting CVar [[r.BloomQuality:4]]
[2019.01.16-05.03.46:269][  0]LogConfig: Setting CVar [[r.FastBlurThreshold:2]]
[2019.01.16-05.03.46:269][  0]LogConfig: Setting CVar [[r.Upscale.Quality:2]]
[2019.01.16-05.03.46:269][  0]LogConfig: Setting CVar [[r.Tonemapper.GrainQuantization:0]]
[2019.01.16-05.03.46:269][  0]LogConfig: Setting CVar [[r.LightShaftQuality:0]]
[2019.01.16-05.03.46:269][  0]LogConfig: Setting CVar [[r.Filter.SizeScale:0.7]]
[2019.01.16-05.03.46:269][  0]LogConfig: Setting CVar [[r.Tonemapper.Quality:2]]
[2019.01.16-05.03.46:269][  0]LogConfig: Setting CVar [[r.DOF.Gather.AccumulatorQuality:0        ; lower gathering accumulator quality]]
[2019.01.16-05.03.46:269][  0]LogConfig: Setting CVar [[r.DOF.Gather.PostfilterMethod:2          ; Max3x3 postfilering method]]
[2019.01.16-05.03.46:269][  0]LogConfig: Setting CVar [[r.DOF.Gather.EnableBokehSettings:0       ; no bokeh simulation when gathering]]
[2019.01.16-05.03.46:269][  0]LogConfig: Setting CVar [[r.DOF.Gather.RingCount:3                 ; low number of samples when gathering]]
[2019.01.16-05.03.46:269][  0]LogConfig: Setting CVar [[r.DOF.Scatter.ForegroundCompositing:0    ; no foreground scattering]]
[2019.01.16-05.03.46:269][  0]LogConfig: Setting CVar [[r.DOF.Scatter.BackgroundCompositing:0    ; no foreground scattering]]
[2019.01.16-05.03.46:269][  0]LogConfig: Setting CVar [[r.DOF.Recombine.Quality:0                ; no slight out of focus]]
[2019.01.16-05.03.46:269][  0]LogConfig: Setting CVar [[r.DOF.TemporalAAQuality:0                ; faster temporal accumulation]]
[2019.01.16-05.03.46:269][  0]LogConfig: Setting CVar [[r.DOF.Kernel.MaxForegroundRadius:0.006   ; required because low gathering and no scattering and not looking great at 1080p]]
[2019.01.16-05.03.46:269][  0]LogConfig: Setting CVar [[r.DOF.Kernel.MaxBackgroundRadius:0.006   ; required because low gathering and no scattering and not looking great at 1080p]]
[2019.01.16-05.03.46:269][  0]LogConfig: Applying CVar settings from Section [TextureQuality@1] File [D:/Code/UnrealProjects/Project-Air/GameProject/Saved/Config/Windows/Scalability.ini]
[2019.01.16-05.03.46:269][  0]LogConfig: Setting CVar [[r.Streaming.MipBias:1]]
[2019.01.16-05.03.46:269][  0]LogConfig: Setting CVar [[r.Streaming.AmortizeCPUToGPUCopy:0]]
[2019.01.16-05.03.46:269][  0]LogConfig: Setting CVar [[r.Streaming.MaxNumTexturesToStreamPerFrame:0]]
[2019.01.16-05.03.46:269][  0]LogConfig: Setting CVar [[r.Streaming.Boost:1]]
[2019.01.16-05.03.46:270][  0]LogConfig: Setting CVar [[r.MaxAnisotropy:2]]
[2019.01.16-05.03.46:270][  0]LogConfig: Setting CVar [[r.Streaming.LimitPoolSizeToVRAM:1]]
[2019.01.16-05.03.46:270][  0]LogConfig: Setting CVar [[r.Streaming.PoolSize:600]]
[2019.01.16-05.03.46:270][  0]LogConfig: Setting CVar [[r.Streaming.MaxEffectiveScreenSize:0]]
[2019.01.16-05.03.46:270][  0]LogConfig: Applying CVar settings from Section [EffectsQuality@1] File [D:/Code/UnrealProjects/Project-Air/GameProject/Saved/Config/Windows/Scalability.ini]
[2019.01.16-05.03.46:270][  0]LogConfig: Setting CVar [[r.TranslucencyLightingVolumeDim:32]]
[2019.01.16-05.03.46:270][  0]LogConfig: Setting CVar [[r.RefractionQuality:0]]
[2019.01.16-05.03.46:270][  0]LogConfig: Setting CVar [[r.SSR.Quality:0]]
[2019.01.16-05.03.46:270][  0]LogConfig: Setting CVar [[r.SceneColorFormat:3]]
[2019.01.16-05.03.46:270][  0]LogConfig: Setting CVar [[r.DetailMode:1]]
[2019.01.16-05.03.46:270][  0]LogConfig: Setting CVar [[r.TranslucencyVolumeBlur:0]]
[2019.01.16-05.03.46:270][  0]LogConfig: Setting CVar [[r.MaterialQualityLevel:2 ; Medium quality]]
[2019.01.16-05.03.46:270][  0]LogConfig: Setting CVar [[r.SSS.Scale:0.75]]
[2019.01.16-05.03.46:270][  0]LogConfig: Setting CVar [[r.SSS.SampleSet:0]]
[2019.01.16-05.03.46:270][  0]LogConfig: Setting CVar [[r.SSS.Quality:0]]
[2019.01.16-05.03.46:270][  0]LogConfig: Setting CVar [[r.SSS.HalfRes:1]]
[2019.01.16-05.03.46:270][  0]LogConfig: Setting CVar [[r.EmitterSpawnRateScale:0.25]]
[2019.01.16-05.03.46:270][  0]LogConfig: Setting CVar [[r.ParticleLightQuality:0]]
[2019.01.16-05.03.46:270][  0]LogConfig: Applying CVar settings from Section [FoliageQuality@1] File [D:/Code/UnrealProjects/Project-Air/GameProject/Saved/Config/Windows/Scalability.ini]
[2019.01.16-05.03.46:270][  0]LogConfig: Setting CVar [[foliage.DensityScale:0.4]]
[2019.01.16-05.03.46:270][  0]LogConfig: Setting CVar [[grass.DensityScale:0.4]]
[2019.01.16-05.03.46:270][  0]LogConfig: Applying CVar settings from Section [Startup] File [../../../Engine/Config/ConsoleVariables.ini]
[2019.01.16-05.03.46:276][  0]LogConfig: Setting CVar [[net.UseAdaptiveNetUpdateFrequency:0]]
[2019.01.16-05.03.46:276][  0]LogConfig: Applying CVar settings from Section [ConsoleVariables] File [D:/Code/UnrealProjects/Project-Air/GameProject/Saved/Config/Windows/Engine.ini]
[2019.01.16-05.03.46:303][  0]LogInit: Computer: NICHOLAS-PC
[2019.01.16-05.03.46:303][  0]LogInit: User: NicholasWilliams
[2019.01.16-05.03.46:303][  0]LogInit: CPU Page size=4096, Cores=4
[2019.01.16-05.03.46:303][  0]LogInit: High frequency timer resolution =3.125010 MHz
[2019.01.16-05.03.46:304][  0]LogMemory: Memory total: Physical=7.9GB (8GB approx)
[2019.01.16-05.03.46:304][  0]LogMemory: Platform Memory Stats for Windows
[2019.01.16-05.03.46:304][  0]LogMemory: Process Physical Memory: 102.52 MB used, 102.52 MB peak
[2019.01.16-05.03.46:304][  0]LogMemory: Process Virtual Memory: 91.91 MB used, 91.91 MB peak
[2019.01.16-05.03.46:304][  0]LogMemory: Physical Memory: 4870.72 MB used,  3183.29 MB free, 8054.01 MB total
[2019.01.16-05.03.46:304][  0]LogMemory: Virtual Memory: 4625.52 MB used,  134213104.00 MB free, 134217728.00 MB total
[2019.01.16-05.03.46:834][  0]LogInit: Using OS detected language (en-GB).
[2019.01.16-05.03.46:834][  0]LogInit: Using OS detected locale (en-AU).
[2019.01.16-05.03.46:883][  0]LogTextLocalizationManager: No specific localization for 'en-GB' exists, so the 'en' localization will be used.
[2019.01.16-05.03.47:853][  0]LogStreaming: Display: Took  0.942s to InitEngineTextLocalization.
[2019.01.16-05.03.47:865][  0]LogInit: Setting process to per monitor DPI aware
[2019.01.16-05.03.48:347][  0]LogSlate: New Slate User Created.  User Index 0, Is Virtual User: 0
[2019.01.16-05.03.48:347][  0]LogSlate: Slate User Registered.  User Index 0, Is Virtual User: 0
[2019.01.16-05.03.49:645][  0]LogHMD: Failed to initialize OpenVR with code 110
[2019.01.16-05.03.49:645][  0]LogD3D11RHI: D3D11 adapters:
[2019.01.16-05.03.49:727][  0]LogD3D11RHI:    0. 'NVIDIA GeForce GTX 750' (Feature Level 11_0)
[2019.01.16-05.03.49:727][  0]LogD3D11RHI:       984/0/4027 MB DedicatedVideo/DedicatedSystem/SharedSystem, Outputs:2, VendorId:0x10de
[2019.01.16-05.03.49:776][  0]LogD3D11RHI:    1. 'Intel(R) HD Graphics 4600' (Feature Level 11_0)
[2019.01.16-05.03.49:776][  0]LogD3D11RHI:       112/0/2048 MB DedicatedVideo/DedicatedSystem/SharedSystem, Outputs:0, VendorId:0x8086
[2019.01.16-05.03.49:781][  0]LogD3D11RHI:    2. 'Microsoft Basic Render Driver' (Feature Level 11_0)
[2019.01.16-05.03.49:781][  0]LogD3D11RHI:       0/0/4027 MB DedicatedVideo/DedicatedSystem/SharedSystem, Outputs:0, VendorId:0x1414
[2019.01.16-05.03.49:781][  0]LogD3D11RHI: Chosen D3D11 Adapter: 0
[2019.01.16-05.03.49:809][  0]LogD3D11RHI: Creating new Direct3DDevice
[2019.01.16-05.03.49:809][  0]LogD3D11RHI:     GPU DeviceId: 0x1381 (for the marketing name, search the web for "GPU Device Id")
[2019.01.16-05.03.49:809][  0]LogWindows: EnumDisplayDevices:
[2019.01.16-05.03.49:809][  0]LogWindows:    0. 'NVIDIA GeForce GTX 750' (P:0 D:1)
[2019.01.16-05.03.49:810][  0]LogWindows:    1. 'NVIDIA GeForce GTX 750' (P:1 D:1)
[2019.01.16-05.03.49:810][  0]LogWindows:    2. 'NVIDIA GeForce GTX 750' (P:0 D:0)
[2019.01.16-05.03.49:811][  0]LogWindows:    3. 'NVIDIA GeForce GTX 750' (P:0 D:0)
[2019.01.16-05.03.49:811][  0]LogWindows:    4. 'Intel(R) HD Graphics 4600' (P:0 D:0)
[2019.01.16-05.03.49:812][  0]LogWindows:    5. 'Intel(R) HD Graphics 4600' (P:0 D:0)
[2019.01.16-05.03.49:812][  0]LogWindows:    6. 'Intel(R) HD Graphics 4600' (P:0 D:0)
[2019.01.16-05.03.49:813][  0]LogWindows: DebugString: PrimaryIsNotTheChoosenAdapter PrimaryIsNotTheChoosenAdapter PrimaryIsNotTheChoosenAdapter FoundDriverCount:4 
[2019.01.16-05.03.49:813][  0]LogD3D11RHI:     Adapter Name: NVIDIA GeForce GTX 750
[2019.01.16-05.03.49:813][  0]LogD3D11RHI:   Driver Version: 416.34 (internal:25.21.14.1634, unified:416.34)
[2019.01.16-05.03.49:813][  0]LogD3D11RHI:      Driver Date: 10-10-2018
[2019.01.16-05.03.49:814][  0]LogRHI: Texture pool is 689 MB (70% of 984 MB)
[2019.01.16-05.03.49:886][  0]LogD3D11RHI: Async texture creation enabled
[2019.01.16-05.03.50:107][  0]LogD3D11RHI: GPU Timing Frequency: 1000.000000 (Debug: 2 2)
[2019.01.16-05.03.52:481][  0]LogTemp: Display: Loaded TP AllDesktopTargetPlatform
[2019.01.16-05.03.52:507][  0]LogTemp: Display: Loaded TP MacClientTargetPlatform
[2019.01.16-05.03.52:526][  0]LogTemp: Display: Loaded TP MacNoEditorTargetPlatform
[2019.01.16-05.03.52:550][  0]LogTemp: Display: Loaded TP MacServerTargetPlatform
[2019.01.16-05.03.52:581][  0]LogTemp: Display: Loaded TP MacTargetPlatform
[2019.01.16-05.03.52:613][  0]LogTemp: Display: Loaded TP WindowsClientTargetPlatform
[2019.01.16-05.03.52:640][  0]LogTemp: Display: Loaded TP WindowsNoEditorTargetPlatform
[2019.01.16-05.03.52:660][  0]LogTemp: Display: Loaded TP WindowsServerTargetPlatform
[2019.01.16-05.03.52:671][  0]LogTemp: Display: Loaded TP WindowsTargetPlatform
[2019.01.16-05.03.52:771][  0]LogTemp: Display: Loaded TP AndroidTargetPlatform
[2019.01.16-05.03.52:771][  0]LogTemp: Display: Loaded TP AndroidTargetPlatform
[2019.01.16-05.03.52:771][  0]LogTemp: Display: Loaded TP AndroidTargetPlatform
[2019.01.16-05.03.52:771][  0]LogTemp: Display: Loaded TP AndroidTargetPlatform
[2019.01.16-05.03.52:771][  0]LogTemp: Display: Loaded TP AndroidTargetPlatform
[2019.01.16-05.03.52:771][  0]LogTemp: Display: Loaded TP AndroidTargetPlatform
[2019.01.16-05.03.52:771][  0]LogTemp: Display: Loaded TP AndroidTargetPlatform
[2019.01.16-05.03.52:771][  0]LogTemp: Display: Loaded TP AndroidTargetPlatform
[2019.01.16-05.03.52:771][  0]LogTemp: Display: Loaded TP AndroidTargetPlatform
[2019.01.16-05.03.52:771][  0]LogTemp: Display: Loaded TP AndroidTargetPlatform
[2019.01.16-05.03.52:771][  0]LogTemp: Display: Loaded TP AndroidTargetPlatform
[2019.01.16-05.03.52:771][  0]LogTemp: Display: Loaded TP AndroidTargetPlatform
[2019.01.16-05.03.52:771][  0]LogTemp: Display: Loaded TP AndroidTargetPlatform
[2019.01.16-05.03.52:771][  0]LogTemp: Display: Loaded TP AndroidTargetPlatform
[2019.01.16-05.03.52:771][  0]LogTemp: Display: Loaded TP AndroidTargetPlatform
[2019.01.16-05.03.52:771][  0]LogTemp: Display: Loaded TP AndroidTargetPlatform
[2019.01.16-05.03.52:771][  0]LogTemp: Display: Loaded TP AndroidTargetPlatform
[2019.01.16-05.03.52:771][  0]LogTemp: Display: Loaded TP AndroidTargetPlatform
[2019.01.16-05.03.52:788][  0]LogTemp: Display: Loaded TP HTML5TargetPlatform
[2019.01.16-05.03.52:899][  0]LogTemp: Display: Loaded TP IOSTargetPlatform
[2019.01.16-05.03.52:899][  0]LogTemp: Display: Loaded TP IOSTargetPlatform
[2019.01.16-05.03.52:928][  0]LogTemp: Display: Loaded TP TVOSTargetPlatform
[2019.01.16-05.03.52:928][  0]LogTemp: Display: Loaded TP TVOSTargetPlatform
[2019.01.16-05.03.52:953][  0]LogTemp: Display: Loaded TP LinuxClientTargetPlatform
[2019.01.16-05.03.52:967][  0]LogTemp: Display: Loaded TP LinuxNoEditorTargetPlatform
[2019.01.16-05.03.52:982][  0]LogTemp: Display: Loaded TP LinuxServerTargetPlatform
[2019.01.16-05.03.53:002][  0]LogTemp: Display: Loaded TP LinuxTargetPlatform
[2019.01.16-05.03.53:059][  0]LogTemp: Display: Loaded TP LuminTargetPlatform
[2019.01.16-05.03.53:059][  0]LogTemp: Display: Loaded TP LuminTargetPlatform
[2019.01.16-05.03.53:059][  0]LogTargetPlatformManager: Display: Building Assets For Windows
[2019.01.16-05.03.53:529][  0]LogShaderCompilers: Guid format shader working directory is 4 characters bigger than the processId version (../../../../../UnrealProjects/Project-Air/GameProject/Intermediate/Shaders/WorkingDirectory/13204/).
[2019.01.16-05.03.53:530][  0]LogShaderCompilers: Cleaned the shader compiler working directory 'C:/Users/Nicholas Williams/AppData/Local/Temp/UnrealShaderWorkingDir/7D700CF84A18C2934E7A77B8FE0377C6/'.
[2019.01.16-05.03.53:549][  0]LogXGEController: Cleaning working directory: C:/Users/Nicholas Williams/AppData/Local/Temp/UnrealXGEWorkingDir/
[2019.01.16-05.03.53:550][  0]LogXGEController: Cannot use XGE Controller as Incredibuild is not installed on this machine.
[2019.01.16-05.03.53:550][  0]LogShaderCompilers: Cannot use XGE Shader Compiler as Incredibuild is not installed on this machine.
[2019.01.16-05.03.53:550][  0]LogShaderCompilers: Display: Using Local Shader Compiler.
[2019.01.16-05.03.54:922][  0]LogDerivedDataCache: Display: Max Cache Size: 512 MB
[2019.01.16-05.03.55:263][  0]LogDerivedDataCache: Loaded boot cache 0.34s 71MB C:/Users/Nicholas Williams/AppData/Local/UnrealEngine/4.21/DerivedDataCache/Boot.ddc.
[2019.01.16-05.03.55:263][  0]LogDerivedDataCache: Display: Loaded Boot cache: C:/Users/Nicholas Williams/AppData/Local/UnrealEngine/4.21/DerivedDataCache/Boot.ddc
[2019.01.16-05.03.55:263][  0]LogDerivedDataCache: FDerivedDataBackendGraph:  Pak pak cache file ../../../../../UnrealProjects/Project-Air/GameProject/DerivedDataCache/DDC.ddp not found, will not use a pak cache.
[2019.01.16-05.03.55:263][  0]LogDerivedDataCache: Unable to find inner node Pak for hierarchical cache Hierarchy.
[2019.01.16-05.03.55:263][  0]LogDerivedDataCache: FDerivedDataBackendGraph:  CompressedPak pak cache file ../../../../../UnrealProjects/Project-Air/GameProject/DerivedDataCache/Compressed.ddp not found, will not use a pak cache.
[2019.01.16-05.03.55:263][  0]LogDerivedDataCache: Unable to find inner node CompressedPak for hierarchical cache Hierarchy.
[2019.01.16-05.03.55:353][  0]LogDerivedDataCache: Display: Pak cache opened for reading ../../../Engine/DerivedDataCache/Compressed.ddp.
[2019.01.16-05.03.55:353][  0]LogDerivedDataCache: FDerivedDataBackendGraph:  EnterprisePak pak cache file ../../../Enterprise/DerivedDataCache/Compressed.ddp not found, will not use a pak cache.
[2019.01.16-05.03.55:353][  0]LogDerivedDataCache: Unable to find inner node EnterprisePak for hierarchical cache Hierarchy.
[2019.01.16-05.03.55:366][  0]LogDerivedDataCache: Using Local data cache path C:/Users/Nicholas Williams/AppData/Local/UnrealEngine/Common/DerivedDataCache: Writable
[2019.01.16-05.03.55:366][  0]LogDerivedDataCache: Shared data cache path not found in *engine.ini, will not use an Shared cache.
[2019.01.16-05.03.55:366][  0]LogDerivedDataCache: Unable to find inner node Shared for hierarchical cache Hierarchy.
[2019.01.16-05.03.55:462][  0]LogMaterial: Verifying Global Shaders for PCD3D_SM5
[2019.01.16-05.03.55:530][  0]LogSlate: Using FreeType 2.6.0
[2019.01.16-05.03.55:627][  0]LogSlate: SlateFontServices - WITH_FREETYPE: 1, WITH_HARFBUZZ: 1
[2019.01.16-05.03.56:536][  0]LogAssetRegistry: FAssetRegistry took 0.0520 seconds to start up
[2019.01.16-05.04.05:224][  0]LogInit: Selected Device Profile: [Windows]
[2019.01.16-05.04.08:748][  0]LogSimplygon: Simplygon DLL not present - disabling.
[2019.01.16-05.04.09:268][  0]LogMeshReduction: Using SimplygonSwarm for distributed automatic mesh merging
[2019.01.16-05.04.09:269][  0]LogMeshReduction: Using ProxyLODMeshReduction for automatic mesh merging
[2019.01.16-05.04.09:276][  0]LogMeshReduction: Using QuadricMeshReduction for automatic static mesh reduction
[2019.01.16-05.04.09:276][  0]LogMeshReduction: No automatic skeletal mesh reduction module available
[2019.01.16-05.04.10:350][  0]LogNetVersion: GameProject 1.0.0, NetCL: 4541578, EngineNetVer: 5, GameNetVer: 0 (Checksum: 460041016)
[2019.01.16-05.04.18:891][  0]LogPackageLocalizationCache: Processed 11 localized package path(s) for 2 prioritized culture(s) in 0.457998 seconds
[2019.01.16-05.04.18:966][  0]LogUObjectArray: 39775 objects as part of root set at end of initial load.
[2019.01.16-05.04.18:966][  0]LogUObjectAllocator: 6914656 out of 0 bytes used by permanent object pool.
[2019.01.16-05.04.18:966][  0]LogUObjectArray: CloseDisregardForGC: 0/0 objects in disregard for GC pool
[2019.01.16-05.04.42:932][  0]LogTcpMessaging: Initializing TcpMessaging bridge
[2019.01.16-05.04.42:957][  0]LogUdpMessaging: Initializing bridge on interface 0.0.0.0:0 to multicast group 230.0.0.1:6666.
[2019.01.16-05.04.44:823][  0]SourceControl: Source control is disabled
[2019.01.16-05.04.44:824][  0]SourceControl: Source control is disabled
[2019.01.16-05.04.44:977][  0]SourceControl: Source control is disabled
[2019.01.16-05.04.45:000][  0]SourceControl: Source control is disabled
[2019.01.16-05.04.46:493][  0]LogAndroidPermission: UAndroidPermissionCallbackProxy::GetInstance
[2019.01.16-05.04.46:835][  0]LogOcInput: OculusInput pre-init called
[2019.01.16-05.04.48:599][  0]LogEngine: Initializing Engine...
[2019.01.16-05.04.48:649][  0]LogHMD: Failed to initialize OpenVR with code 110
[2019.01.16-05.04.48:694][  0]LogStats: UGameplayTagsManager::ConstructGameplayTagTree: ImportINI prefixes -  0.000 s
[2019.01.16-05.04.48:694][  0]LogStats: UGameplayTagsManager::ConstructGameplayTagTree: Construct from data asset -  0.000 s
[2019.01.16-05.04.48:695][  0]LogStats: UGameplayTagsManager::ConstructGameplayTagTree: ImportINI -  0.000 s
[2019.01.16-05.04.48:695][  0]LogStats: UGameplayTagsManager::ConstructGameplayTagTree: GameplayTagTreeChangedEvent.Broadcast -  0.000 s
[2019.01.16-05.04.49:087][  0]LogInit: Initializing FReadOnlyCVARCache
[2019.01.16-05.04.49:748][  0]LogAIModule: Creating AISystem for world Untitled
[2019.01.16-05.04.50:141][  0]LogInit: XAudio2 using 'Speakers (Realtek High Definition Audio)' : 2 channels at 48 kHz using 32 bits per sample (channel mask 0x3)
[2019.01.16-05.04.50:177][  0]LogInit: FAudioDevice initialized.
[2019.01.16-05.04.50:196][  0]LogNetVersion: Set ProjectVersion to 1.0.0.0. Version Checksum will be recalculated on next use.
[2019.01.16-05.04.50:325][  0]LogDerivedDataCache: Saved boot cache 0.13s 71MB C:/Users/Nicholas Williams/AppData/Local/UnrealEngine/4.21/DerivedDataCache/Boot.ddc.
[2019.01.16-05.04.50:327][  0]LogInit: Texture streaming: Enabled
[2019.01.16-05.04.50:641][  0]LogEngineSessionManager: EngineSessionManager initialized
[2019.01.16-05.04.50:862][  0]LogInit: Transaction tracking system initialized
[2019.01.16-05.04.51:175][  0]BlueprintLog: New page: Editor Load
[2019.01.16-05.04.52:297][  0]LocalizationService: Localization service is disabled
[2019.01.16-05.04.56:022][  0]LogFileCache: Scanning file cache for directory 'D:/Code/UnrealProjects/Project-Air/GameProject/Content/' took 0.05s
[2019.01.16-05.04.56:022][  0]LogCook: Display: Max memory allowance for cook 16384mb min free memory 0mb
[2019.01.16-05.04.56:023][  0]LogCook: Display: Mobile HDR setting 1
[2019.01.16-05.04.56:028][  0]LogGameplayTags: Display: UGameplayTagsManager::DoneAddingNativeTags. DelegateIsBound: 0
[2019.01.16-05.04.56:028][  0]LogStats: UGameplayTagsManager::ConstructGameplayTagTree: ImportINI prefixes -  0.000 s
[2019.01.16-05.04.56:028][  0]LogStats: UGameplayTagsManager::ConstructGameplayTagTree: Construct from data asset -  0.000 s
[2019.01.16-05.04.56:028][  0]LogStats: UGameplayTagsManager::ConstructGameplayTagTree: ImportINI -  0.000 s
[2019.01.16-05.04.56:028][  0]LogStats: UGameplayTagsManager::ConstructGameplayTagTree: GameplayTagTreeChangedEvent.Broadcast -  0.000 s
[2019.01.16-05.04.59:581][  0]SourceControl: Source control is disabled
[2019.01.16-05.04.59:588][  0]Cmd: MAP LOAD FILE="../../../../../UnrealProjects/Project-Air/GameProject/Content/ThirdPersonBP/Maps/ThirdPersonExampleMap.umap" TEMPLATE=0 SHOWPROGRESS=1 FEATURELEVEL=3
[2019.01.16-05.04.59:625][  0]LightingResults: New page: Lighting Build
[2019.01.16-05.04.59:831][  0]MapCheck: New page: Map Check
[2019.01.16-05.04.59:831][  0]LightingResults: New page: Lighting Build
[2019.01.16-05.05.02:121][  0]LogAIModule: Creating AISystem for world ThirdPersonExampleMap
[2019.01.16-05.05.02:823][  0]LogEditorServer: Finished looking for orphan Actors (0.000 secs)
[2019.01.16-05.05.02:983][  0]Cmd: MAP CHECKDEP NOCLEARLOG
[2019.01.16-05.05.02:993][  0]MapCheck: Map check complete: 0 Error(s), 0 Warning(s), took 0.151ms to complete.
[2019.01.16-05.05.02:993][  0]LogFileHelpers: Loading map 'ThirdPersonExampleMap' took 3.409
[2019.01.16-05.05.04:470][  0]LogSlate: Updating window title bar state: overlay mode, drag disabled, window buttons hidden, title bar hidden
[2019.01.16-05.05.04:493][  0]LogSlate: Updating window title bar state: overlay mode, drag disabled, window buttons hidden, title bar hidden
[2019.01.16-05.05.04:501][  0]LogSlate: Updating window title bar state: overlay mode, drag disabled, window buttons hidden, title bar hidden
[2019.01.16-05.05.04:509][  0]LogSlate: Updating window title bar state: overlay mode, drag disabled, window buttons hidden, title bar hidden
[2019.01.16-05.05.04:616][  0]LogCollectionManager: Loaded 0 collections in 0.001435 seconds
[2019.01.16-05.05.04:730][  0]LogFileCache: Scanning file cache for directory 'D:/Code/UnrealProjects/Project-Air/GameProject/Saved/Collections/' took 0.01s
[2019.01.16-05.05.04:730][  0]LogFileCache: Scanning file cache for directory 'D:/Code/UnrealProjects/Project-Air/GameProject/Content/Developers/NicholasWilliams/Collections/' took 0.01s
[2019.01.16-05.05.04:730][  0]LogFileCache: Scanning file cache for directory 'D:/Code/UnrealProjects/Project-Air/GameProject/Content/Collections/' took 0.00s
[2019.01.16-05.05.04:730][  0]LogCollectionManager: Rebuilt the GUID cache for 0 collections in 0.000000 seconds
[2019.01.16-05.05.04:747][  0]LogContentBrowser: Native class hierarchy populated in 0.0124 seconds. Added 2651 classes and 620 folders.
[2019.01.16-05.05.04:870][  0]LogContentBrowser: Native class hierarchy updated for 'WidgetCarousel' in 0.0003 seconds. Added 0 classes and 0 folders.
[2019.01.16-05.05.04:952][  0]LogPakFile: Registered encryption key '00000000000000000000000000000000': 0 pak files mounted, 0 remain pending
[2019.01.16-05.05.05:001][  0]LogPakFile: Registered encryption key '00000000000000000000000000000000': 0 pak files mounted, 0 remain pending
[2019.01.16-05.05.05:008][  0]LogPakFile: Registered encryption key '00000000000000000000000000000000': 0 pak files mounted, 0 remain pending
[2019.01.16-05.05.05:013][  0]LogPakFile: Registered encryption key '00000000000000000000000000000000': 0 pak files mounted, 0 remain pending
[2019.01.16-05.05.05:030][  0]LogPakFile: Registered encryption key '00000000000000000000000000000000': 0 pak files mounted, 0 remain pending
[2019.01.16-05.05.05:032][  0]LogPakFile: Registered encryption key '00000000000000000000000000000000': 0 pak files mounted, 0 remain pending
[2019.01.16-05.05.05:033][  0]LogPakFile: Registered encryption key '00000000000000000000000000000000': 0 pak files mounted, 0 remain pending
[2019.01.16-05.05.05:038][  0]LogPakFile: Registered encryption key '00000000000000000000000000000000': 0 pak files mounted, 0 remain pending
[2019.01.16-05.05.05:046][  0]LogPakFile: Registered encryption key '00000000000000000000000000000000': 0 pak files mounted, 0 remain pending
[2019.01.16-05.05.05:049][  0]LogPakFile: Registered encryption key '00000000000000000000000000000000': 0 pak files mounted, 0 remain pending
[2019.01.16-05.05.05:051][  0]LogPakFile: Registered encryption key '00000000000000000000000000000000': 0 pak files mounted, 0 remain pending
[2019.01.16-05.05.05:053][  0]LogPakFile: Registered encryption key '00000000000000000000000000000000': 0 pak files mounted, 0 remain pending
[2019.01.16-05.05.05:066][  0]LogPakFile: Registered encryption key '00000000000000000000000000000000': 0 pak files mounted, 0 remain pending
[2019.01.16-05.05.05:077][  0]LogPakFile: Registered encryption key '00000000000000000000000000000000': 0 pak files mounted, 0 remain pending
[2019.01.16-05.05.05:084][  0]LogPakFile: Registered encryption key '00000000000000000000000000000000': 0 pak files mounted, 0 remain pending
[2019.01.16-05.05.05:086][  0]LogPakFile: Registered encryption key '00000000000000000000000000000000': 0 pak files mounted, 0 remain pending
[2019.01.16-05.05.05:088][  0]LogPakFile: Registered encryption key '00000000000000000000000000000000': 0 pak files mounted, 0 remain pending
[2019.01.16-05.05.05:089][  0]LogPakFile: Registered encryption key '00000000000000000000000000000000': 0 pak files mounted, 0 remain pending
[2019.01.16-05.05.05:091][  0]LogPakFile: Registered encryption key '00000000000000000000000000000000': 0 pak files mounted, 0 remain pending
[2019.01.16-05.05.05:093][  0]LogPakFile: Registered encryption key '00000000000000000000000000000000': 0 pak files mounted, 0 remain pending
[2019.01.16-05.05.05:099][  0]LogPakFile: Registered encryption key '00000000000000000000000000000000': 0 pak files mounted, 0 remain pending
[2019.01.16-05.05.05:101][  0]LogPakFile: Registered encryption key '00000000000000000000000000000000': 0 pak files mounted, 0 remain pending
[2019.01.16-05.05.05:124][  0]LogPakFile: Registered encryption key '00000000000000000000000000000000': 0 pak files mounted, 0 remain pending
[2019.01.16-05.05.05:205][  0]LogPakFile: Registered encryption key '00000000000000000000000000000000': 0 pak files mounted, 0 remain pending
[2019.01.16-05.05.05:236][  0]LogPakFile: Registered encryption key '00000000000000000000000000000000': 0 pak files mounted, 0 remain pending
[2019.01.16-05.05.05:238][  0]LogPakFile: Registered encryption key '00000000000000000000000000000000': 0 pak files mounted, 0 remain pending
[2019.01.16-05.05.05:552][  0]LogContentBrowser: Native class hierarchy updated for 'AddContentDialog' in 0.0003 seconds. Added 0 classes and 0 folders.
[2019.01.16-05.05.05:640][  0]LogContentBrowser: Native class hierarchy updated for 'SceneOutliner' in 0.0003 seconds. Added 1 classes and 2 folders.
[2019.01.16-05.05.06:596][  0]LogSlate: Took 0.014172 seconds to synchronously load lazily loaded font '../../../Engine/Content/Slate/Fonts/Roboto-Regular.ttf' (155K)
[2019.01.16-05.05.06:698][  0]LogSlate: Took 0.038504 seconds to synchronously load lazily loaded font '../../../Engine/Content/Slate/Fonts/Roboto-Bold.ttf' (160K)
[2019.01.16-05.05.06:744][  0]LogSlate: Took 0.020087 seconds to synchronously load lazily loaded font '../../../Engine/Content/Editor/Slate/Fonts/FontAwesome.ttf' (139K)
[2019.01.16-05.05.07:095][  0]LogRenderer: Reallocating scene render targets to support 1072x380 Format 9 NumSamples 1 (Frame:1).
[2019.01.16-05.05.07:821][  0]LogContentBrowser: Native class hierarchy updated for 'HierarchicalLODOutliner' in 0.0003 seconds. Added 0 classes and 0 folders.
[2019.01.16-05.05.07:821][  0]LogLoad: (Engine Initialization) Total time: 94.73 seconds
[2019.01.16-05.05.07:821][  0]LogLoad: (Engine Initialization) Total Blueprint compile time: 0.00 seconds
[2019.01.16-05.05.08:292][  0]LogContentStreaming: Texture pool size now 600 MB
[2019.01.16-05.05.08:692][  3]LogAssetRegistry: Asset discovery search completed in 72.1815 seconds
[2019.01.16-05.05.08:704][  3]LogCollectionManager: Rebuilt the object cache for 0 collections in 0.000001 seconds (found 0 objects)
[2019.01.16-05.05.08:704][  3]LogCollectionManager: Fixed up redirectors for 0 collections in 0.000066 seconds (updated 0 objects)
[2019.01.16-05.05.14:421][ 20]LogSlate: FSceneViewport::OnFocusLost() reason 0
[2019.01.16-05.05.16:264][217]LogRenderer: Reallocating scene render targets to support 1072x392 Format 9 NumSamples 1 (Frame:164).
[2019.01.16-05.05.16:525][217]LogRenderer: Reallocating scene render targets to support 1612x644 Format 9 NumSamples 1 (Frame:165).
[2019.01.16-05.05.16:855][217]LogRenderer: Reallocating scene render targets to support 2148x876 Format 9 NumSamples 1 (Frame:166).
[2019.01.16-05.14.42:779][994]LogSlate: Took 0.037182 seconds to synchronously load lazily loaded font '../../../Engine/Content/Slate/Fonts/Roboto-Light.ttf' (167K)
[2019.01.16-05.14.42:803][994]LogAssetEditorManager: Opening Asset editor for Blueprint /Game/AirProjectile/AirProjectile.AirProjectile
[2019.01.16-05.14.43:877][994]LogContentBrowser: Native class hierarchy updated for 'BlueprintGraph' in 0.0007 seconds. Added 117 classes and 0 folders.
[2019.01.16-05.14.46:192][994]LogSlate: Took 0.015323 seconds to synchronously load lazily loaded font '../../../Engine/Content/Slate/Fonts/Roboto-BoldCondensed.ttf' (158K)
[2019.01.16-05.14.48:982][135]LogSlate: Window 'AirProjectile' being destroyed
[2019.01.16-05.14.49:005][135]LogSlate: Took 0.014726 seconds to synchronously load lazily loaded font '../../../Engine/Content/Slate/Fonts/Roboto-Italic.ttf' (157K)
[2019.01.16-05.16.03:709][823]LogSlate: FSceneViewport::OnFocusLost() reason 0
[2019.01.16-05.16.24:402][383]LogAssetEditorManager: Opening Asset editor for ParticleSystem /Game/AirProjectile/PS_Air.PS_Air
[2019.01.16-05.16.24:484][383]LogContentBrowser: Native class hierarchy updated for 'Cascade' in 0.0004 seconds. Added 2 classes and 2 folders.
[2019.01.16-05.17.10:372][ 48]LogFileHelpers: Editor autosave (incl. sublevels) for '/Game/ThirdPersonBP/Maps/ThirdPersonExampleMap' took 0.100
[2019.01.16-05.17.10:442][ 48]OBJ SavePackage: Generating thumbnails for [1] asset(s) in package [/Game/AirProjectile/AirProjectile] ([1] browsable assets)...
[2019.01.16-05.17.10:496][ 48]OBJ SavePackage:     Rendered thumbnail for [Blueprint /Game/AirProjectile/AirProjectile.AirProjectile]
[2019.01.16-05.17.10:496][ 48]OBJ SavePackage: Finished generating thumbnails for package [/Game/AirProjectile/AirProjectile]
[2019.01.16-05.17.10:760][ 48]LogSavePackage: Moving '../../../../../UnrealProjects/Project-Air/GameProject/Saved/AirProjectile_Auto1C3DB0E5F4D87D55E658B03B667C3AD47.tmp' to '../../../../../UnrealProjects/Project-Air/GameProject/Saved/Autosaves/Game/AirProjectile/AirProjectile_Auto1.uasset'
[2019.01.16-05.17.10:791][ 48]OBJ SavePackage: Generating thumbnails for [1] asset(s) in package [/Game/AirProjectile/PS_Air] ([1] browsable assets)...
[2019.01.16-05.17.10:796][ 48]OBJ SavePackage:     Rendered thumbnail for [ParticleSystem /Game/AirProjectile/PS_Air.PS_Air]
[2019.01.16-05.17.10:796][ 48]OBJ SavePackage: Finished generating thumbnails for package [/Game/AirProjectile/PS_Air]
[2019.01.16-05.17.10:796][ 48]Cmd: OBJ SAVEPACKAGE PACKAGE="/Game/AirProjectile/PS_Air" FILE="../../../../../UnrealProjects/Project-Air/GameProject/Saved/Autosaves/Game/AirProjectile/PS_Air_Auto1.uasset" SILENT=false AUTOSAVING=true
[2019.01.16-05.17.10:824][ 48]LogSavePackage: Moving '../../../../../UnrealProjects/Project-Air/GameProject/Saved/PS_Air_Auto150051F91484F9BA051D739818825477C.tmp' to '../../../../../UnrealProjects/Project-Air/GameProject/Saved/Autosaves/Game/AirProjectile/PS_Air_Auto1.uasset'
[2019.01.16-05.17.10:824][ 48]LogFileHelpers: Auto-saving content packages took 0.450
[2019.01.16-05.17.49:530][165]LogSlate: FSceneViewport::OnFocusLost() reason 2
[2019.01.16-05.18.33:426][398]LogSlate: Window 'Color Picker' being destroyed
[2019.01.16-05.19.25:773][621]LogSlate: FSceneViewport::OnFocusLost() reason 0
[2019.01.16-05.19.25:920][629]Cmd: OBJ SAVEPACKAGE PACKAGE="/Game/AirProjectile/PS_Air" FILE="../../../../../UnrealProjects/Project-Air/GameProject/Content/AirProjectile/PS_Air.uasset" SILENT=true
[2019.01.16-05.19.25:957][629]LogSavePackage: Moving '../../../../../UnrealProjects/Project-Air/GameProject/Saved/PS_AirA535214648FF2B9BDAFE4BA1BA9C20C3.tmp' to '../../../../../UnrealProjects/Project-Air/GameProject/Content/AirProjectile/PS_Air.uasset'
[2019.01.16-05.22.01:106][158]LogSlate: FSceneViewport::OnFocusLost() reason 0
[2019.01.16-05.22.24:908][901]BlueprintLog: New page: Compile AirProjectile
[2019.01.16-05.22.30:635][450]BlueprintLog: New page: Compile AirProjectile
[2019.01.16-05.23.26:378][523]LogSlate: FSceneViewport::OnFocusLost() reason 0
[2019.01.16-05.23.37:533][819]LogSlate: FSceneViewport::OnFocusLost() reason 2
[2019.01.16-05.23.40:434][162]LogSlate: FSceneViewport::OnFocusLost() reason 2
[2019.01.16-05.23.47:509][989]LogSlate: FSceneViewport::OnFocusLost() reason 2
[2019.01.16-05.23.49:025][167]LogSlate: FSceneViewport::OnFocusLost() reason 2
[2019.01.16-05.23.57:339][154]LogSlate: FSceneViewport::OnFocusLost() reason 2
[2019.01.16-05.26.59:183][584]LogSlate: FSceneViewport::OnFocusLost() reason 0
[2019.01.16-05.27.38:903][296]LogFileHelpers: Editor autosave (incl. sublevels) for '/Game/ThirdPersonBP/Maps/ThirdPersonExampleMap' took 0.052
[2019.01.16-05.27.38:905][296]OBJ SavePackage: Generating thumbnails for [1] asset(s) in package [/Game/AirProjectile/AirProjectile] ([1] browsable assets)...
[2019.01.16-05.27.38:918][296]OBJ SavePackage:     Rendered thumbnail for [Blueprint /Game/AirProjectile/AirProjectile.AirProjectile]
[2019.01.16-05.27.38:918][296]OBJ SavePackage: Finished generating thumbnails for package [/Game/AirProjectile/AirProjectile]
[2019.01.16-05.27.38:966][296]LogSavePackage: Moving '../../../../../UnrealProjects/Project-Air/GameProject/Saved/AirProjectile_Auto2E81CD0F1446398A626D72C9E89C9B708.tmp' to '../../../../../UnrealProjects/Project-Air/GameProject/Saved/Autosaves/Game/AirProjectile/AirProjectile_Auto2.uasset'
[2019.01.16-05.27.38:967][296]OBJ SavePackage: Generating thumbnails for [1] asset(s) in package [/Game/AirProjectile/PS_Air] ([1] browsable assets)...
[2019.01.16-05.27.38:972][296]OBJ SavePackage:     Rendered thumbnail for [ParticleSystem /Game/AirProjectile/PS_Air.PS_Air]
[2019.01.16-05.27.38:972][296]OBJ SavePackage: Finished generating thumbnails for package [/Game/AirProjectile/PS_Air]
[2019.01.16-05.27.38:972][296]Cmd: OBJ SAVEPACKAGE PACKAGE="/Game/AirProjectile/PS_Air" FILE="../../../../../UnrealProjects/Project-Air/GameProject/Saved/Autosaves/Game/AirProjectile/PS_Air_Auto2.uasset" SILENT=false AUTOSAVING=true
[2019.01.16-05.27.38:993][296]LogSavePackage: Moving '../../../../../UnrealProjects/Project-Air/GameProject/Saved/PS_Air_Auto27F71F14148F43E7C146E53A5EBDB858F.tmp' to '../../../../../UnrealProjects/Project-Air/GameProject/Saved/Autosaves/Game/AirProjectile/PS_Air_Auto2.uasset'
[2019.01.16-05.27.38:994][296]LogFileHelpers: Auto-saving content packages took 0.090
[2019.01.16-05.27.40:103][428]LogSlate: FSceneViewport::OnFocusLost() reason 2
[2019.01.16-05.28.21:324][358]LogSlate: FSceneViewport::OnFocusLost() reason 0
[2019.01.16-05.28.27:974][152]LogSlate: FSceneViewport::OnFocusLost() reason 2
[2019.01.16-05.29.01:307][141]LogSlate: FSceneViewport::OnFocusLost() reason 2
[2019.01.16-05.29.16:664][979]LogSlate: FSceneViewport::OnFocusLost() reason 2
[2019.01.16-05.29.38:555][603]LogSlate: FSceneViewport::OnFocusLost() reason 0
[2019.01.16-05.29.51:396][139]LogSlate: FSceneViewport::OnFocusLost() reason 2
[2019.01.16-05.30.01:585][  5]LogSlate: FSceneViewport::OnFocusLost() reason 2
[2019.01.16-05.30.04:560][355]LogSlate: FSceneViewport::OnFocusLost() reason 2
[2019.01.16-05.30.06:886][632]LogSlate: FSceneViewport::OnFocusLost() reason 2
[2019.01.16-05.37.39:473][ 87]LogFileHelpers: Editor autosave (incl. sublevels) for '/Game/ThirdPersonBP/Maps/ThirdPersonExampleMap' took 0.030
[2019.01.16-05.37.39:474][ 87]OBJ SavePackage: Generating thumbnails for [1] asset(s) in package [/Game/AirProjectile/PS_Air] ([1] browsable assets)...
[2019.01.16-05.37.39:479][ 87]OBJ SavePackage:     Rendered thumbnail for [ParticleSystem /Game/AirProjectile/PS_Air.PS_Air]
[2019.01.16-05.37.39:480][ 87]OBJ SavePackage: Finished generating thumbnails for package [/Game/AirProjectile/PS_Air]
[2019.01.16-05.37.39:480][ 87]Cmd: OBJ SAVEPACKAGE PACKAGE="/Game/AirProjectile/PS_Air" FILE="../../../../../UnrealProjects/Project-Air/GameProject/Saved/Autosaves/Game/AirProjectile/PS_Air_Auto3.uasset" SILENT=false AUTOSAVING=true
[2019.01.16-05.37.39:500][ 87]LogSavePackage: Moving '../../../../../UnrealProjects/Project-Air/GameProject/Saved/PS_Air_Auto393ABBE5F4AA20D384207B48DD7F11025.tmp' to '../../../../../UnrealProjects/Project-Air/GameProject/Saved/Autosaves/Game/AirProjectile/PS_Air_Auto3.uasset'
[2019.01.16-05.37.39:500][ 87]LogFileHelpers: Auto-saving content packages took 0.026
