Log file open, 01/24/19 14:56:06
LogWindows: Failed to load 'aqProf.dll' (GetLastError=126)
LogWindows: File 'aqProf.dll' does not exist
LogWindows: Failed to load 'VtuneApi.dll' (GetLastError=126)
LogWindows: File 'VtuneApi.dll' does not exist
LogWindows: Failed to load 'VtuneApi32e.dll' (GetLastError=126)
LogWindows: File 'VtuneApi32e.dll' does not exist
LogConsoleResponse: Display: Failed to find resolution value strings in scalability ini. Falling back to default.
LogInit: Display: Running engine for game: GameProject
LogPakFile: Registered encryption key '00000000000000000000000000000000': 0 pak files mounted, 0 remain pending
LogPlatformFile: Not using cached read wrapper
LogTaskGraph: Started task graph with 5 named threads and 14 total threads with 3 sets of task threads.
LogStats: Stats thread started at 4.266822
LogD3D11RHI: Loaded GFSDK_Aftermath_Lib.x64.dll
LogICUInternationalization: ICU TimeZone Detection - Raw Offset: +10:00, Platform Override: ''
LogPluginManager: Mounting plugin Paper2D
LogPluginManager: Mounting plugin AISupport
LogPluginManager: Mounting plugin LightPropagationVolume
LogPluginManager: Mounting plugin ActorLayerUtilities
LogPluginManager: Mounting plugin CLionSourceCodeAccess
LogPluginManager: Mounting plugin CodeLiteSourceCodeAccess
LogPluginManager: Mounting plugin GitSourceControl
LogPluginManager: Mounting plugin KDevelopSourceCodeAccess
LogPluginManager: Mounting plugin NullSourceCodeAccess
LogPluginManager: Mounting plugin PerforceSourceControl
LogPluginManager: Mounting plugin SubversionSourceControl
LogPluginManager: Mounting plugin UObjectPlugin
LogPluginManager: Mounting plugin VisualStudioCodeSourceCodeAccess
LogPluginManager: Mounting plugin VisualStudioSourceCodeAccess
LogPluginManager: Mounting plugin XCodeSourceCodeAccess
LogPluginManager: Mounting plugin AssetManagerEditor
LogPluginManager: Mounting plugin CryptoKeys
LogPluginManager: Mounting plugin DataValidation
LogPluginManager: Mounting plugin FacialAnimation
LogPluginManager: Mounting plugin GameplayTagsEditor
LogPluginManager: Mounting plugin MacGraphicsSwitching
LogPluginManager: Mounting plugin MeshEditor
LogPluginManager: Mounting plugin MobileLauncherProfileWizard
LogPluginManager: Mounting plugin PluginBrowser
LogPluginManager: Mounting plugin SpeedTreeImporter
LogPluginManager: Mounting plugin DatasmithContent
LogPluginManager: Mounting plugin VariantManagerContent
LogPluginManager: Mounting plugin AlembicImporter
LogPluginManager: Mounting plugin AppleImageUtils
LogPluginManager: Mounting plugin AppleVision
LogPluginManager: Mounting plugin BackChannel
LogPluginManager: Mounting plugin CharacterAI
LogPluginManager: Mounting plugin GeometryCache
LogPluginManager: Mounting plugin HTML5Networking
LogPluginManager: Mounting plugin ProxyLODPlugin
LogPluginManager: Mounting plugin MagicLeap
LogPluginManager: Mounting plugin MagicLeapMedia
LogPluginManager: Mounting plugin AndroidMedia
LogPluginManager: Mounting plugin AvfMedia
LogPluginManager: Mounting plugin ImgMedia
LogPluginManager: Mounting plugin LinearTimecode
LogPluginManager: Mounting plugin MediaCompositing
LogPluginManager: Mounting plugin MediaPlayerEditor
LogPluginManager: Mounting plugin WebMMedia
LogPluginManager: Mounting plugin WmfMedia
LogPluginManager: Mounting plugin TcpMessaging
LogPluginManager: Mounting plugin UdpMessaging
LogPluginManager: Mounting plugin ActorSequence
LogPluginManager: Mounting plugin LevelSequenceEditor
LogPluginManager: Mounting plugin MatineeToLevelSequence
LogPluginManager: Mounting plugin NetcodeUnitTest
LogPluginManager: Mounting plugin NUTUnrealEngine4
LogPluginManager: Mounting plugin OnlineSubsystemGooglePlay
LogPluginManager: Mounting plugin OnlineSubsystemIOS
LogPluginManager: Mounting plugin OnlineSubsystem
LogPluginManager: Mounting plugin OnlineSubsystemNull
LogPluginManager: Mounting plugin OnlineSubsystemUtils
LogPluginManager: Mounting plugin LauncherChunkInstaller
LogPluginManager: Mounting plugin AndroidDeviceProfileSelector
LogPluginManager: Mounting plugin AndroidMoviePlayer
LogPluginManager: Mounting plugin AndroidPermission
LogPluginManager: Mounting plugin AppleMoviePlayer
LogPluginManager: Mounting plugin ArchVisCharacter
LogPluginManager: Mounting plugin AudioCapture
LogPluginManager: Mounting plugin CableComponent
LogPluginManager: Mounting plugin CustomMeshComponent
LogPluginManager: Mounting plugin EditableMesh
LogPluginManager: Mounting plugin ExampleDeviceProfileSelector
LogPluginManager: Mounting plugin Firebase
LogPluginManager: Mounting plugin GoogleCloudMessaging
LogPluginManager: Mounting plugin IOSDeviceProfileSelector
LogPluginManager: Mounting plugin LinuxDeviceProfileSelector
LogPluginManager: Mounting plugin LocationServicesBPLibrary
LogPluginManager: Mounting plugin MobilePatchingUtils
LogPluginManager: Mounting plugin OculusVR
LogPluginManager: Mounting plugin PhysXVehicles
LogPluginManager: Mounting plugin ProceduralMeshComponent
LogPluginManager: Mounting plugin RuntimePhysXCooking
LogPluginManager: Mounting plugin SteamVR
LogPluginManager: Mounting plugin WebMMoviePlayer
LogPluginManager: Mounting plugin WindowsMoviePlayer
LogStreaming: Display: Took  0.385s to configure plugins.
LogInit: Using libcurl 7.55.1-DEV
LogInit:  - built for x86_64-pc-win32
LogInit:  - supports SSL with OpenSSL/1.0.2h
LogInit:  - supports HTTP deflate (compression) using libz 1.2.8
LogInit:  - other features:
LogInit:      CURL_VERSION_SSL
LogInit:      CURL_VERSION_LIBZ
LogInit:      CURL_VERSION_IPV6
LogInit:      CURL_VERSION_ASYNCHDNS
LogInit:      CURL_VERSION_LARGEFILE
LogInit:      CURL_VERSION_IDN
LogInit:  CurlRequestOptions (configurable via config and command line):
LogInit:  - bVerifyPeer = true  - Libcurl will verify peer certificate
LogInit:  - bUseHttpProxy = false  - Libcurl will NOT use HTTP proxy
LogInit:  - bDontReuseConnections = false  - Libcurl will reuse connections
LogInit:  - MaxHostConnections = 16  - Libcurl will limit the number of connections to a host
LogInit:  - LocalHostAddr = Default
LogInit:  - BufferSize = 65536
LogInit: WinSock: version 1.1 (2.2), MaxSocks=32767, MaxUdp=65467
LogInit: Build: ++UE4+Release-4.21-CL-4753647
LogInit: Engine Version: 4.21.2-4753647+++UE4+Release-4.21
LogInit: Compatible Engine Version: 4.21.0-4541578+++UE4+Release-4.21
LogInit: Net CL: 4541578
LogInit: OS: Windows 10 (), CPU: Intel(R) Core(TM) i5-4460  CPU @ 3.20GHz, GPU: NVIDIA GeForce GTX 750
LogInit: Compiled (64-bit): Jan 19 2019 02:07:31
LogInit: Compiled with Visual C++: 19.13.26129.00
LogInit: Build Configuration: Development
LogInit: Branch Name: ++UE4+Release-4.21
LogInit: Command Line: 
LogInit: Base Directory: D:/Code/Unreal Installation/UE_4.21/Engine/Binaries/Win64/
LogInit: Installed Engine Build: 1
LogDevObjectVersion: Number of dev versions registered: 22
LogDevObjectVersion:   Dev-Blueprints (B0D832E4-1F89-4F0D-ACCF-7EB736FD4AA2): 10
LogDevObjectVersion:   Dev-Build (E1C64328-A22C-4D53-A36C-8E866417BD8C): 0
LogDevObjectVersion:   Dev-Core (375EC13C-06E4-48FB-B500-84F0262A717E): 2
LogDevObjectVersion:   Dev-Editor (E4B068ED-F494-42E9-A231-DA0B2E46BB41): 26
LogDevObjectVersion:   Dev-Framework (CFFC743F-43B0-4480-9391-14DF171D2073): 34
LogDevObjectVersion:   Dev-Mobile (B02B49B5-BB20-44E9-A304-32B752E40360): 2
LogDevObjectVersion:   Dev-Networking (A4E4105C-59A1-49B5-A7C5-40C4547EDFEE): 0
LogDevObjectVersion:   Dev-Online (39C831C9-5AE6-47DC-9A44-9C173E1C8E7C): 0
LogDevObjectVersion:   Dev-Physics (78F01B33-EBEA-4F98-B9B4-84EACCB95AA2): 0
LogDevObjectVersion:   Dev-Platform (6631380F-2D4D-43E0-8009-CF276956A95A): 0
LogDevObjectVersion:   Dev-Rendering (12F88B9F-8875-4AFC-A67C-D90C383ABD29): 27
LogDevObjectVersion:   Dev-Sequencer (7B5AE74C-D270-4C10-A958-57980B212A5A): 9
LogDevObjectVersion:   Dev-VR (D7296918-1DD6-4BDD-9DE2-64A83CC13884): 2
LogDevObjectVersion:   Dev-LoadTimes (C2A15278-BFE7-4AFE-6C17-90FF531DF755): 1
LogDevObjectVersion:   Private-Geometry (6EACA3D4-40EC-4CC1-B786-8BED09428FC5): 3
LogDevObjectVersion:   Dev-AnimPhys (29E575DD-E0A3-4627-9D10-D276232CDCEA): 17
LogDevObjectVersion:   Dev-Anim (AF43A65D-7FD3-4947-9873-3E8ED9C1BB05): 2
LogDevObjectVersion:   Dev-ReflectionCapture (6B266CEC-1EC7-4B8F-A30B-E4D90942FC07): 1
LogDevObjectVersion:   Dev-Automation (0DF73D61-A23F-47EA-B727-89E90C41499A): 1
LogDevObjectVersion:   FortniteMain (601D1886-AC64-4F84-AA16-D3DE0DEAC7D6): 17
LogDevObjectVersion:   Dev-Enterprise (9DFFBCD6-494F-0158-E221-12823C92A888): 4
LogDevObjectVersion:   Dev-Niagara (F2AED0AC-9AFE-416F-8664-AA7FFA26D6FC): 1
LogStreaming: Display: Took  0.025s to delete old logs.
LogInit: Presizing for max 8388607 objects, including 0 objects not considered by GC, pre-allocating 0 bytes for permanent pool.
LogInit: Object subsystem initialized
LogConfig: Setting CVar [[con.DebugEarlyDefault:1]]
LogConfig: Setting CVar [[r.setres:1280x720]]
[2019.01.24-03.56.09:130][  0]LogConfig: Setting CVar [[r.VSync:0]]
[2019.01.24-03.56.09:130][  0]LogConfig: Setting CVar [[r.RHICmdBypass:0]]
[2019.01.24-03.56.09:130][  0]LogConfig: Applying CVar settings from Section [/Script/Engine.RendererSettings] File [D:/Code/UnrealProjects/Project-Air/GameProject/Saved/Config/Windows/Engine.ini]
[2019.01.24-03.56.09:130][  0]LogConfig: Setting CVar [[r.GPUCrashDebugging:0]]
[2019.01.24-03.56.09:130][  0]LogConfig: Applying CVar settings from Section [/Script/Engine.RendererOverrideSettings] File [D:/Code/UnrealProjects/Project-Air/GameProject/Saved/Config/Windows/Engine.ini]
[2019.01.24-03.56.09:130][  0]LogConfig: Applying CVar settings from Section [/Script/Engine.StreamingSettings] File [D:/Code/UnrealProjects/Project-Air/GameProject/Saved/Config/Windows/Engine.ini]
[2019.01.24-03.56.09:130][  0]LogConfig: Setting CVar [[s.MinBulkDataSizeForAsyncLoading:131072]]
[2019.01.24-03.56.09:131][  0]LogConfig: Setting CVar [[s.AsyncLoadingThreadEnabled:0]]
[2019.01.24-03.56.09:131][  0]LogConfig: Setting CVar [[s.EventDrivenLoaderEnabled:1]]
[2019.01.24-03.56.09:131][  0]LogConfig: Setting CVar [[s.WarnIfTimeLimitExceeded:0]]
[2019.01.24-03.56.09:131][  0]LogConfig: Setting CVar [[s.TimeLimitExceededMultiplier:1.5]]
[2019.01.24-03.56.09:131][  0]LogConfig: Setting CVar [[s.TimeLimitExceededMinTime:0.005]]
[2019.01.24-03.56.09:131][  0]LogConfig: Setting CVar [[s.UseBackgroundLevelStreaming:1]]
[2019.01.24-03.56.09:131][  0]LogConfig: Setting CVar [[s.PriorityAsyncLoadingExtraTime:15.0]]
[2019.01.24-03.56.09:131][  0]LogConfig: Setting CVar [[s.LevelStreamingActorsUpdateTimeLimit:5.0]]
[2019.01.24-03.56.09:131][  0]LogConfig: Setting CVar [[s.PriorityLevelStreamingActorsUpdateExtraTime:5.0]]
[2019.01.24-03.56.09:131][  0]LogConfig: Setting CVar [[s.LevelStreamingComponentsRegistrationGranularity:10]]
[2019.01.24-03.56.09:131][  0]LogConfig: Setting CVar [[s.UnregisterComponentsTimeLimit:1.0]]
[2019.01.24-03.56.09:131][  0]LogConfig: Setting CVar [[s.LevelStreamingComponentsUnregistrationGranularity:5]]
[2019.01.24-03.56.09:131][  0]LogConfig: Applying CVar settings from Section [/Script/Engine.GarbageCollectionSettings] File [D:/Code/UnrealProjects/Project-Air/GameProject/Saved/Config/Windows/Engine.ini]
[2019.01.24-03.56.09:131][  0]LogConfig: Setting CVar [[gc.MaxObjectsNotConsideredByGC:1]]
[2019.01.24-03.56.09:131][  0]LogConfig: Setting CVar [[gc.SizeOfPermanentObjectPool:0]]
[2019.01.24-03.56.09:131][  0]LogConfig: Setting CVar [[gc.FlushStreamingOnGC:0]]
[2019.01.24-03.56.09:131][  0]LogConfig: Setting CVar [[gc.NumRetriesBeforeForcingGC:10]]
[2019.01.24-03.56.09:131][  0]LogConfig: Setting CVar [[gc.AllowParallelGC:1]]
[2019.01.24-03.56.09:131][  0]LogConfig: Setting CVar [[gc.TimeBetweenPurgingPendingKillObjects:61.1]]
[2019.01.24-03.56.09:131][  0]LogConfig: Setting CVar [[gc.MaxObjectsInEditor:8388607]]
[2019.01.24-03.56.09:131][  0]LogConfig: Setting CVar [[gc.IncrementalBeginDestroyEnabled:1]]
[2019.01.24-03.56.09:131][  0]LogConfig: Setting CVar [[gc.CreateGCClusters:1]]
[2019.01.24-03.56.09:131][  0]LogConfig: Setting CVar [[gc.MergeGCClusters:0]]
[2019.01.24-03.56.09:131][  0]LogConfig: Setting CVar [[gc.MinGCClusterSize:5]]
[2019.01.24-03.56.09:131][  0]LogConfig: Setting CVar [[gc.ActorClusteringEnabled:0]]
[2019.01.24-03.56.09:131][  0]LogConfig: Setting CVar [[gc.BlueprintClusteringEnabled:0]]
[2019.01.24-03.56.09:131][  0]LogConfig: Setting CVar [[gc.UseDisregardForGCOnDedicatedServers:0]]
[2019.01.24-03.56.09:131][  0]LogConfig: Applying CVar settings from Section [/Script/Engine.NetworkSettings] File [D:/Code/UnrealProjects/Project-Air/GameProject/Saved/Config/Windows/Engine.ini]
[2019.01.24-03.56.09:131][  0]LogConfig: Applying CVar settings from Section [/Script/UnrealEd.CookerSettings] File [D:/Code/UnrealProjects/Project-Air/GameProject/Saved/Config/Windows/Engine.ini]
[2019.01.24-03.56.09:181][  0]LogConfig: Applying CVar settings from Section [ViewDistanceQuality@3] File [D:/Code/UnrealProjects/Project-Air/GameProject/Saved/Config/Windows/Scalability.ini]
[2019.01.24-03.56.09:181][  0]LogConfig: Setting CVar [[r.SkeletalMeshLODBias:0]]
[2019.01.24-03.56.09:181][  0]LogConfig: Setting CVar [[r.ViewDistanceScale:1.0]]
[2019.01.24-03.56.09:181][  0]LogConfig: Applying CVar settings from Section [AntiAliasingQuality@3] File [D:/Code/UnrealProjects/Project-Air/GameProject/Saved/Config/Windows/Scalability.ini]
[2019.01.24-03.56.09:181][  0]LogConfig: Setting CVar [[r.PostProcessAAQuality:4]]
[2019.01.24-03.56.09:182][  0]LogConfig: Applying CVar settings from Section [ShadowQuality@3] File [D:/Code/UnrealProjects/Project-Air/GameProject/Saved/Config/Windows/Scalability.ini]
[2019.01.24-03.56.09:182][  0]LogConfig: Setting CVar [[r.LightFunctionQuality:1]]
[2019.01.24-03.56.09:182][  0]LogConfig: Setting CVar [[r.ShadowQuality:5]]
[2019.01.24-03.56.09:182][  0]LogConfig: Setting CVar [[r.Shadow.CSM.MaxCascades:10]]
[2019.01.24-03.56.09:182][  0]LogConfig: Setting CVar [[r.Shadow.MaxResolution:2048]]
[2019.01.24-03.56.09:182][  0]LogConfig: Setting CVar [[r.Shadow.MaxCSMResolution:2048]]
[2019.01.24-03.56.09:182][  0]LogConfig: Setting CVar [[r.Shadow.RadiusThreshold:0.01]]
[2019.01.24-03.56.09:182][  0]LogConfig: Setting CVar [[r.Shadow.DistanceScale:1.0]]
[2019.01.24-03.56.09:182][  0]LogConfig: Setting CVar [[r.Shadow.CSM.TransitionScale:1.0]]
[2019.01.24-03.56.09:182][  0]LogConfig: Setting CVar [[r.Shadow.PreShadowResolutionFactor:1.0]]
[2019.01.24-03.56.09:182][  0]LogConfig: Setting CVar [[r.DistanceFieldShadowing:1]]
[2019.01.24-03.56.09:182][  0]LogConfig: Setting CVar [[r.DistanceFieldAO:1]]
[2019.01.24-03.56.09:182][  0]LogConfig: Setting CVar [[r.AOQuality:2]]
[2019.01.24-03.56.09:182][  0]LogConfig: Setting CVar [[r.VolumetricFog:1]]
[2019.01.24-03.56.09:182][  0]LogConfig: Setting CVar [[r.VolumetricFog.GridPixelSize:8]]
[2019.01.24-03.56.09:182][  0]LogConfig: Setting CVar [[r.VolumetricFog.GridSizeZ:128]]
[2019.01.24-03.56.09:182][  0]LogConfig: Setting CVar [[r.VolumetricFog.HistoryMissSupersampleCount:4]]
[2019.01.24-03.56.09:182][  0]LogConfig: Setting CVar [[r.LightMaxDrawDistanceScale:1]]
[2019.01.24-03.56.09:182][  0]LogConfig: Setting CVar [[r.CapsuleShadows:1]]
[2019.01.24-03.56.09:182][  0]LogConfig: Applying CVar settings from Section [PostProcessQuality@3] File [D:/Code/UnrealProjects/Project-Air/GameProject/Saved/Config/Windows/Scalability.ini]
[2019.01.24-03.56.09:182][  0]LogConfig: Setting CVar [[r.MotionBlurQuality:4]]
[2019.01.24-03.56.09:182][  0]LogConfig: Setting CVar [[r.AmbientOcclusionMipLevelFactor:0.4]]
[2019.01.24-03.56.09:182][  0]LogConfig: Setting CVar [[r.AmbientOcclusionMaxQuality:100]]
[2019.01.24-03.56.09:182][  0]LogConfig: Setting CVar [[r.AmbientOcclusionLevels:-1]]
[2019.01.24-03.56.09:182][  0]LogConfig: Setting CVar [[r.AmbientOcclusionRadiusScale:1.0]]
[2019.01.24-03.56.09:182][  0]LogConfig: Setting CVar [[r.DepthOfFieldQuality:2]]
[2019.01.24-03.56.09:182][  0]LogConfig: Setting CVar [[r.RenderTargetPoolMin:400]]
[2019.01.24-03.56.09:182][  0]LogConfig: Setting CVar [[r.LensFlareQuality:2]]
[2019.01.24-03.56.09:182][  0]LogConfig: Setting CVar [[r.SceneColorFringeQuality:1]]
[2019.01.24-03.56.09:182][  0]LogConfig: Setting CVar [[r.EyeAdaptationQuality:2]]
[2019.01.24-03.56.09:182][  0]LogConfig: Setting CVar [[r.BloomQuality:5]]
[2019.01.24-03.56.09:182][  0]LogConfig: Setting CVar [[r.FastBlurThreshold:100]]
[2019.01.24-03.56.09:182][  0]LogConfig: Setting CVar [[r.Upscale.Quality:3]]
[2019.01.24-03.56.09:182][  0]LogConfig: Setting CVar [[r.Tonemapper.GrainQuantization:1]]
[2019.01.24-03.56.09:182][  0]LogConfig: Setting CVar [[r.LightShaftQuality:1]]
[2019.01.24-03.56.09:182][  0]LogConfig: Setting CVar [[r.Filter.SizeScale:1]]
[2019.01.24-03.56.09:182][  0]LogConfig: Setting CVar [[r.Tonemapper.Quality:5]]
[2019.01.24-03.56.09:182][  0]LogConfig: Setting CVar [[r.DOF.Gather.AccumulatorQuality:1        ; higher gathering accumulator quality]]
[2019.01.24-03.56.09:182][  0]LogConfig: Setting CVar [[r.DOF.Gather.PostfilterMethod:1          ; Median3x3 postfilering method]]
[2019.01.24-03.56.09:182][  0]LogConfig: Setting CVar [[r.DOF.Gather.EnableBokehSettings:0       ; no bokeh simulation when gathering]]
[2019.01.24-03.56.09:182][  0]LogConfig: Setting CVar [[r.DOF.Gather.RingCount:4                 ; medium number of samples when gathering]]
[2019.01.24-03.56.09:182][  0]LogConfig: Setting CVar [[r.DOF.Scatter.ForegroundCompositing:1    ; additive foreground scattering]]
[2019.01.24-03.56.09:182][  0]LogConfig: Setting CVar [[r.DOF.Scatter.BackgroundCompositing:2    ; additive background scattering]]
[2019.01.24-03.56.09:182][  0]LogConfig: Setting CVar [[r.DOF.Scatter.EnableBokehSettings:1      ; bokeh simulation when scattering]]
[2019.01.24-03.56.09:182][  0]LogConfig: Setting CVar [[r.DOF.Scatter.MaxSpriteRatio:0.1         ; only a maximum of 10% of scattered bokeh]]
[2019.01.24-03.56.09:182][  0]LogConfig: Setting CVar [[r.DOF.Recombine.Quality:1                ; cheap slight out of focus]]
[2019.01.24-03.56.09:182][  0]LogConfig: Setting CVar [[r.DOF.Recombine.EnableBokehSettings:0    ; no bokeh simulation on slight out of focus]]
[2019.01.24-03.56.09:182][  0]LogConfig: Setting CVar [[r.DOF.TemporalAAQuality:1                ; more stable temporal accumulation]]
[2019.01.24-03.56.09:182][  0]LogConfig: Setting CVar [[r.DOF.Kernel.MaxForegroundRadius:0.025]]
[2019.01.24-03.56.09:182][  0]LogConfig: Setting CVar [[r.DOF.Kernel.MaxBackgroundRadius:0.025]]
[2019.01.24-03.56.09:182][  0]LogConfig: Applying CVar settings from Section [TextureQuality@3] File [D:/Code/UnrealProjects/Project-Air/GameProject/Saved/Config/Windows/Scalability.ini]
[2019.01.24-03.56.09:182][  0]LogConfig: Setting CVar [[r.Streaming.MipBias:0]]
[2019.01.24-03.56.09:182][  0]LogConfig: Setting CVar [[r.Streaming.AmortizeCPUToGPUCopy:0]]
[2019.01.24-03.56.09:182][  0]LogConfig: Setting CVar [[r.Streaming.MaxNumTexturesToStreamPerFrame:0]]
[2019.01.24-03.56.09:182][  0]LogConfig: Setting CVar [[r.Streaming.Boost:1]]
[2019.01.24-03.56.09:182][  0]LogConfig: Setting CVar [[r.MaxAnisotropy:8]]
[2019.01.24-03.56.09:182][  0]LogConfig: Setting CVar [[r.Streaming.LimitPoolSizeToVRAM:0]]
[2019.01.24-03.56.09:182][  0]LogConfig: Setting CVar [[r.Streaming.PoolSize:1000]]
[2019.01.24-03.56.09:182][  0]LogConfig: Setting CVar [[r.Streaming.MaxEffectiveScreenSize:0]]
[2019.01.24-03.56.09:182][  0]LogConfig: Applying CVar settings from Section [EffectsQuality@3] File [D:/Code/UnrealProjects/Project-Air/GameProject/Saved/Config/Windows/Scalability.ini]
[2019.01.24-03.56.09:182][  0]LogConfig: Setting CVar [[r.TranslucencyLightingVolumeDim:64]]
[2019.01.24-03.56.09:182][  0]LogConfig: Setting CVar [[r.RefractionQuality:2]]
[2019.01.24-03.56.09:182][  0]LogConfig: Setting CVar [[r.SSR.Quality:3]]
[2019.01.24-03.56.09:182][  0]LogConfig: Setting CVar [[r.SceneColorFormat:4]]
[2019.01.24-03.56.09:182][  0]LogConfig: Setting CVar [[r.DetailMode:2]]
[2019.01.24-03.56.09:182][  0]LogConfig: Setting CVar [[r.TranslucencyVolumeBlur:1]]
[2019.01.24-03.56.09:182][  0]LogConfig: Setting CVar [[r.MaterialQualityLevel:1 ; High quality]]
[2019.01.24-03.56.09:182][  0]LogConfig: Setting CVar [[r.SSS.Scale:1]]
[2019.01.24-03.56.09:182][  0]LogConfig: Setting CVar [[r.SSS.SampleSet:2]]
[2019.01.24-03.56.09:182][  0]LogConfig: Setting CVar [[r.SSS.Quality:1]]
[2019.01.24-03.56.09:182][  0]LogConfig: Setting CVar [[r.SSS.HalfRes:1]]
[2019.01.24-03.56.09:183][  0]LogConfig: Setting CVar [[r.EmitterSpawnRateScale:1.0]]
[2019.01.24-03.56.09:183][  0]LogConfig: Setting CVar [[r.ParticleLightQuality:2]]
[2019.01.24-03.56.09:183][  0]LogConfig: Applying CVar settings from Section [FoliageQuality@3] File [D:/Code/UnrealProjects/Project-Air/GameProject/Saved/Config/Windows/Scalability.ini]
[2019.01.24-03.56.09:183][  0]LogConfig: Setting CVar [[foliage.DensityScale:1.0]]
[2019.01.24-03.56.09:183][  0]LogConfig: Setting CVar [[grass.DensityScale:1.0]]
[2019.01.24-03.56.09:191][  0]LogInit: Selected Device Profile: [Windows]
[2019.01.24-03.56.09:191][  0]LogInit: Applying CVar settings loaded from the selected device profile: [Windows]
[2019.01.24-03.56.09:321][  0]LogHAL: Display: Platform has ~ 8 GB [8445243392 / 8589934592 / 8], which maps to Default [LargestMinGB=32, LargerMinGB=12, DefaultMinGB=8, SmallerMinGB=6, SmallestMinGB=0)
[2019.01.24-03.56.09:326][  0]LogConfig: Setting CVar [[r.Vulkan.UseRealUBs:1]]
[2019.01.24-03.56.09:326][  0]LogInit: Going up to parent DeviceProfile []
[2019.01.24-03.56.09:326][  0]LogConfig: Applying CVar settings from Section [ViewDistanceQuality@1] File [D:/Code/UnrealProjects/Project-Air/GameProject/Saved/Config/Windows/Scalability.ini]
[2019.01.24-03.56.09:326][  0]LogConfig: Setting CVar [[r.SkeletalMeshLODBias:1]]
[2019.01.24-03.56.09:327][  0]LogConfig: Setting CVar [[r.ViewDistanceScale:0.6]]
[2019.01.24-03.56.09:327][  0]LogConfig: Applying CVar settings from Section [AntiAliasingQuality@1] File [D:/Code/UnrealProjects/Project-Air/GameProject/Saved/Config/Windows/Scalability.ini]
[2019.01.24-03.56.09:327][  0]LogConfig: Setting CVar [[r.PostProcessAAQuality:2]]
[2019.01.24-03.56.09:327][  0]LogConfig: Applying CVar settings from Section [ShadowQuality@1] File [D:/Code/UnrealProjects/Project-Air/GameProject/Saved/Config/Windows/Scalability.ini]
[2019.01.24-03.56.09:327][  0]LogConfig: Setting CVar [[r.LightFunctionQuality:1]]
[2019.01.24-03.56.09:327][  0]LogConfig: Setting CVar [[r.ShadowQuality:3]]
[2019.01.24-03.56.09:327][  0]LogConfig: Setting CVar [[r.Shadow.CSM.MaxCascades:1]]
[2019.01.24-03.56.09:327][  0]LogConfig: Setting CVar [[r.Shadow.MaxResolution:1024]]
[2019.01.24-03.56.09:327][  0]LogConfig: Setting CVar [[r.Shadow.MaxCSMResolution:1024]]
[2019.01.24-03.56.09:327][  0]LogConfig: Setting CVar [[r.Shadow.RadiusThreshold:0.05]]
[2019.01.24-03.56.09:327][  0]LogConfig: Setting CVar [[r.Shadow.DistanceScale:0.7]]
[2019.01.24-03.56.09:327][  0]LogConfig: Setting CVar [[r.Shadow.CSM.TransitionScale:0.25]]
[2019.01.24-03.56.09:327][  0]LogConfig: Setting CVar [[r.Shadow.PreShadowResolutionFactor:0.5]]
[2019.01.24-03.56.09:327][  0]LogConfig: Setting CVar [[r.DistanceFieldShadowing:0]]
[2019.01.24-03.56.09:327][  0]LogConfig: Setting CVar [[r.DistanceFieldAO:0]]
[2019.01.24-03.56.09:327][  0]LogConfig: Setting CVar [[r.VolumetricFog:0]]
[2019.01.24-03.56.09:327][  0]LogConfig: Setting CVar [[r.LightMaxDrawDistanceScale:.5]]
[2019.01.24-03.56.09:327][  0]LogConfig: Setting CVar [[r.CapsuleShadows:1]]
[2019.01.24-03.56.09:327][  0]LogConfig: Applying CVar settings from Section [PostProcessQuality@1] File [D:/Code/UnrealProjects/Project-Air/GameProject/Saved/Config/Windows/Scalability.ini]
[2019.01.24-03.56.09:327][  0]LogConfig: Setting CVar [[r.MotionBlurQuality:3]]
[2019.01.24-03.56.09:327][  0]LogConfig: Setting CVar [[r.AmbientOcclusionMipLevelFactor:1.0]]
[2019.01.24-03.56.09:327][  0]LogConfig: Setting CVar [[r.AmbientOcclusionMaxQuality:60]]
[2019.01.24-03.56.09:327][  0]LogConfig: Setting CVar [[r.AmbientOcclusionLevels:-1]]
[2019.01.24-03.56.09:327][  0]LogConfig: Setting CVar [[r.AmbientOcclusionRadiusScale:1.5]]
[2019.01.24-03.56.09:327][  0]LogConfig: Setting CVar [[r.DepthOfFieldQuality:1]]
[2019.01.24-03.56.09:327][  0]LogConfig: Setting CVar [[r.RenderTargetPoolMin:350]]
[2019.01.24-03.56.09:327][  0]LogConfig: Setting CVar [[r.LensFlareQuality:0]]
[2019.01.24-03.56.09:327][  0]LogConfig: Setting CVar [[r.SceneColorFringeQuality:0]]
[2019.01.24-03.56.09:327][  0]LogConfig: Setting CVar [[r.EyeAdaptationQuality:0]]
[2019.01.24-03.56.09:327][  0]LogConfig: Setting CVar [[r.BloomQuality:4]]
[2019.01.24-03.56.09:327][  0]LogConfig: Setting CVar [[r.FastBlurThreshold:2]]
[2019.01.24-03.56.09:327][  0]LogConfig: Setting CVar [[r.Upscale.Quality:2]]
[2019.01.24-03.56.09:327][  0]LogConfig: Setting CVar [[r.Tonemapper.GrainQuantization:0]]
[2019.01.24-03.56.09:327][  0]LogConfig: Setting CVar [[r.LightShaftQuality:0]]
[2019.01.24-03.56.09:327][  0]LogConfig: Setting CVar [[r.Filter.SizeScale:0.7]]
[2019.01.24-03.56.09:327][  0]LogConfig: Setting CVar [[r.Tonemapper.Quality:2]]
[2019.01.24-03.56.09:327][  0]LogConfig: Setting CVar [[r.DOF.Gather.AccumulatorQuality:0        ; lower gathering accumulator quality]]
[2019.01.24-03.56.09:327][  0]LogConfig: Setting CVar [[r.DOF.Gather.PostfilterMethod:2          ; Max3x3 postfilering method]]
[2019.01.24-03.56.09:327][  0]LogConfig: Setting CVar [[r.DOF.Gather.EnableBokehSettings:0       ; no bokeh simulation when gathering]]
[2019.01.24-03.56.09:327][  0]LogConfig: Setting CVar [[r.DOF.Gather.RingCount:3                 ; low number of samples when gathering]]
[2019.01.24-03.56.09:327][  0]LogConfig: Setting CVar [[r.DOF.Scatter.ForegroundCompositing:0    ; no foreground scattering]]
[2019.01.24-03.56.09:327][  0]LogConfig: Setting CVar [[r.DOF.Scatter.BackgroundCompositing:0    ; no foreground scattering]]
[2019.01.24-03.56.09:327][  0]LogConfig: Setting CVar [[r.DOF.Recombine.Quality:0                ; no slight out of focus]]
[2019.01.24-03.56.09:327][  0]LogConfig: Setting CVar [[r.DOF.TemporalAAQuality:0                ; faster temporal accumulation]]
[2019.01.24-03.56.09:327][  0]LogConfig: Setting CVar [[r.DOF.Kernel.MaxForegroundRadius:0.006   ; required because low gathering and no scattering and not looking great at 1080p]]
[2019.01.24-03.56.09:327][  0]LogConfig: Setting CVar [[r.DOF.Kernel.MaxBackgroundRadius:0.006   ; required because low gathering and no scattering and not looking great at 1080p]]
[2019.01.24-03.56.09:327][  0]LogConfig: Applying CVar settings from Section [TextureQuality@1] File [D:/Code/UnrealProjects/Project-Air/GameProject/Saved/Config/Windows/Scalability.ini]
[2019.01.24-03.56.09:327][  0]LogConfig: Setting CVar [[r.Streaming.MipBias:1]]
[2019.01.24-03.56.09:327][  0]LogConfig: Setting CVar [[r.Streaming.AmortizeCPUToGPUCopy:0]]
[2019.01.24-03.56.09:327][  0]LogConfig: Setting CVar [[r.Streaming.MaxNumTexturesToStreamPerFrame:0]]
[2019.01.24-03.56.09:327][  0]LogConfig: Setting CVar [[r.Streaming.Boost:1]]
[2019.01.24-03.56.09:327][  0]LogConfig: Setting CVar [[r.MaxAnisotropy:2]]
[2019.01.24-03.56.09:327][  0]LogConfig: Setting CVar [[r.Streaming.LimitPoolSizeToVRAM:1]]
[2019.01.24-03.56.09:327][  0]LogConfig: Setting CVar [[r.Streaming.PoolSize:600]]
[2019.01.24-03.56.09:327][  0]LogConfig: Setting CVar [[r.Streaming.MaxEffectiveScreenSize:0]]
[2019.01.24-03.56.09:327][  0]LogConfig: Applying CVar settings from Section [EffectsQuality@1] File [D:/Code/UnrealProjects/Project-Air/GameProject/Saved/Config/Windows/Scalability.ini]
[2019.01.24-03.56.09:327][  0]LogConfig: Setting CVar [[r.TranslucencyLightingVolumeDim:32]]
[2019.01.24-03.56.09:327][  0]LogConfig: Setting CVar [[r.RefractionQuality:0]]
[2019.01.24-03.56.09:327][  0]LogConfig: Setting CVar [[r.SSR.Quality:0]]
[2019.01.24-03.56.09:327][  0]LogConfig: Setting CVar [[r.SceneColorFormat:3]]
[2019.01.24-03.56.09:327][  0]LogConfig: Setting CVar [[r.DetailMode:1]]
[2019.01.24-03.56.09:327][  0]LogConfig: Setting CVar [[r.TranslucencyVolumeBlur:0]]
[2019.01.24-03.56.09:327][  0]LogConfig: Setting CVar [[r.MaterialQualityLevel:2 ; Medium quality]]
[2019.01.24-03.56.09:327][  0]LogConfig: Setting CVar [[r.SSS.Scale:0.75]]
[2019.01.24-03.56.09:327][  0]LogConfig: Setting CVar [[r.SSS.SampleSet:0]]
[2019.01.24-03.56.09:327][  0]LogConfig: Setting CVar [[r.SSS.Quality:0]]
[2019.01.24-03.56.09:327][  0]LogConfig: Setting CVar [[r.SSS.HalfRes:1]]
[2019.01.24-03.56.09:327][  0]LogConfig: Setting CVar [[r.EmitterSpawnRateScale:0.25]]
[2019.01.24-03.56.09:327][  0]LogConfig: Setting CVar [[r.ParticleLightQuality:0]]
[2019.01.24-03.56.09:327][  0]LogConfig: Applying CVar settings from Section [FoliageQuality@1] File [D:/Code/UnrealProjects/Project-Air/GameProject/Saved/Config/Windows/Scalability.ini]
[2019.01.24-03.56.09:327][  0]LogConfig: Setting CVar [[foliage.DensityScale:0.4]]
[2019.01.24-03.56.09:328][  0]LogConfig: Setting CVar [[grass.DensityScale:0.4]]
[2019.01.24-03.56.09:328][  0]LogConfig: Applying CVar settings from Section [Startup] File [../../../Engine/Config/ConsoleVariables.ini]
[2019.01.24-03.56.09:342][  0]LogConfig: Setting CVar [[net.UseAdaptiveNetUpdateFrequency:0]]
[2019.01.24-03.56.09:342][  0]LogConfig: Applying CVar settings from Section [ConsoleVariables] File [D:/Code/UnrealProjects/Project-Air/GameProject/Saved/Config/Windows/Engine.ini]
[2019.01.24-03.56.09:382][  0]LogInit: Computer: NICHOLAS-PC
[2019.01.24-03.56.09:382][  0]LogInit: User: NicholasWilliams
[2019.01.24-03.56.09:382][  0]LogInit: CPU Page size=4096, Cores=4
[2019.01.24-03.56.09:382][  0]LogInit: High frequency timer resolution =3.125008 MHz
[2019.01.24-03.56.09:382][  0]LogMemory: Memory total: Physical=7.9GB (8GB approx)
[2019.01.24-03.56.09:382][  0]LogMemory: Platform Memory Stats for Windows
[2019.01.24-03.56.09:382][  0]LogMemory: Process Physical Memory: 103.19 MB used, 103.19 MB peak
[2019.01.24-03.56.09:382][  0]LogMemory: Process Virtual Memory: 90.63 MB used, 90.63 MB peak
[2019.01.24-03.56.09:382][  0]LogMemory: Physical Memory: 4560.82 MB used,  3493.19 MB free, 8054.01 MB total
[2019.01.24-03.56.09:382][  0]LogMemory: Virtual Memory: 4624.01 MB used,  134213104.00 MB free, 134217728.00 MB total
[2019.01.24-03.56.09:983][  0]LogInit: Using OS detected language (en-GB).
[2019.01.24-03.56.09:983][  0]LogInit: Using OS detected locale (en-AU).
[2019.01.24-03.56.10:144][  0]LogTextLocalizationManager: No specific localization for 'en-GB' exists, so the 'en' localization will be used.
[2019.01.24-03.56.10:995][  0]LogStreaming: Display: Took  0.995s to InitEngineTextLocalization.
[2019.01.24-03.56.10:997][  0]LogInit: Setting process to per monitor DPI aware
[2019.01.24-03.56.12:281][  0]LogSlate: New Slate User Created.  User Index 0, Is Virtual User: 0
[2019.01.24-03.56.12:281][  0]LogSlate: Slate User Registered.  User Index 0, Is Virtual User: 0
[2019.01.24-03.56.13:045][  0]LogHMD: Failed to initialize OpenVR with code 110
[2019.01.24-03.56.13:045][  0]LogD3D11RHI: D3D11 adapters:
[2019.01.24-03.56.13:120][  0]LogD3D11RHI:    0. 'NVIDIA GeForce GTX 750' (Feature Level 11_0)
[2019.01.24-03.56.13:120][  0]LogD3D11RHI:       984/0/4027 MB DedicatedVideo/DedicatedSystem/SharedSystem, Outputs:2, VendorId:0x10de
[2019.01.24-03.56.13:227][  0]LogD3D11RHI:    1. 'Intel(R) HD Graphics 4600' (Feature Level 11_0)
[2019.01.24-03.56.13:227][  0]LogD3D11RHI:       112/0/2048 MB DedicatedVideo/DedicatedSystem/SharedSystem, Outputs:0, VendorId:0x8086
[2019.01.24-03.56.13:230][  0]LogD3D11RHI:    2. 'Microsoft Basic Render Driver' (Feature Level 11_0)
[2019.01.24-03.56.13:230][  0]LogD3D11RHI:       0/0/4027 MB DedicatedVideo/DedicatedSystem/SharedSystem, Outputs:0, VendorId:0x1414
[2019.01.24-03.56.13:230][  0]LogD3D11RHI: Chosen D3D11 Adapter: 0
[2019.01.24-03.56.13:242][  0]LogD3D11RHI: Creating new Direct3DDevice
[2019.01.24-03.56.13:242][  0]LogD3D11RHI:     GPU DeviceId: 0x1381 (for the marketing name, search the web for "GPU Device Id")
[2019.01.24-03.56.13:242][  0]LogWindows: EnumDisplayDevices:
[2019.01.24-03.56.13:242][  0]LogWindows:    0. 'NVIDIA GeForce GTX 750' (P:0 D:1)
[2019.01.24-03.56.13:243][  0]LogWindows:    1. 'NVIDIA GeForce GTX 750' (P:1 D:1)
[2019.01.24-03.56.13:244][  0]LogWindows:    2. 'NVIDIA GeForce GTX 750' (P:0 D:0)
[2019.01.24-03.56.13:244][  0]LogWindows:    3. 'NVIDIA GeForce GTX 750' (P:0 D:0)
[2019.01.24-03.56.13:244][  0]LogWindows:    4. 'Intel(R) HD Graphics 4600' (P:0 D:0)
[2019.01.24-03.56.13:245][  0]LogWindows:    5. 'Intel(R) HD Graphics 4600' (P:0 D:0)
[2019.01.24-03.56.13:246][  0]LogWindows:    6. 'Intel(R) HD Graphics 4600' (P:0 D:0)
[2019.01.24-03.56.13:246][  0]LogWindows: DebugString: PrimaryIsNotTheChoosenAdapter PrimaryIsNotTheChoosenAdapter PrimaryIsNotTheChoosenAdapter FoundDriverCount:4 
[2019.01.24-03.56.13:246][  0]LogD3D11RHI:     Adapter Name: NVIDIA GeForce GTX 750
[2019.01.24-03.56.13:246][  0]LogD3D11RHI:   Driver Version: 417.71 (internal:25.21.14.1771, unified:417.71)
[2019.01.24-03.56.13:246][  0]LogD3D11RHI:      Driver Date: 1-11-2019
[2019.01.24-03.56.13:247][  0]LogRHI: Texture pool is 689 MB (70% of 984 MB)
[2019.01.24-03.56.13:301][  0]LogD3D11RHI: Async texture creation enabled
[2019.01.24-03.56.13:548][  0]LogD3D11RHI: GPU Timing Frequency: 1000.000000 (Debug: 2 2)
[2019.01.24-03.56.16:505][  0]LogTemp: Display: Loaded TP AllDesktopTargetPlatform
[2019.01.24-03.56.16:559][  0]LogTemp: Display: Loaded TP MacClientTargetPlatform
[2019.01.24-03.56.16:589][  0]LogTemp: Display: Loaded TP MacNoEditorTargetPlatform
[2019.01.24-03.56.16:603][  0]LogTemp: Display: Loaded TP MacServerTargetPlatform
[2019.01.24-03.56.16:646][  0]LogTemp: Display: Loaded TP MacTargetPlatform
[2019.01.24-03.56.16:692][  0]LogTemp: Display: Loaded TP WindowsClientTargetPlatform
[2019.01.24-03.56.16:721][  0]LogTemp: Display: Loaded TP WindowsNoEditorTargetPlatform
[2019.01.24-03.56.16:736][  0]LogTemp: Display: Loaded TP WindowsServerTargetPlatform
[2019.01.24-03.56.16:743][  0]LogTemp: Display: Loaded TP WindowsTargetPlatform
[2019.01.24-03.56.16:892][  0]LogTemp: Display: Loaded TP AndroidTargetPlatform
[2019.01.24-03.56.16:892][  0]LogTemp: Display: Loaded TP AndroidTargetPlatform
[2019.01.24-03.56.16:892][  0]LogTemp: Display: Loaded TP AndroidTargetPlatform
[2019.01.24-03.56.16:892][  0]LogTemp: Display: Loaded TP AndroidTargetPlatform
[2019.01.24-03.56.16:892][  0]LogTemp: Display: Loaded TP AndroidTargetPlatform
[2019.01.24-03.56.16:892][  0]LogTemp: Display: Loaded TP AndroidTargetPlatform
[2019.01.24-03.56.16:892][  0]LogTemp: Display: Loaded TP AndroidTargetPlatform
[2019.01.24-03.56.16:892][  0]LogTemp: Display: Loaded TP AndroidTargetPlatform
[2019.01.24-03.56.16:892][  0]LogTemp: Display: Loaded TP AndroidTargetPlatform
[2019.01.24-03.56.16:892][  0]LogTemp: Display: Loaded TP AndroidTargetPlatform
[2019.01.24-03.56.16:892][  0]LogTemp: Display: Loaded TP AndroidTargetPlatform
[2019.01.24-03.56.16:892][  0]LogTemp: Display: Loaded TP AndroidTargetPlatform
[2019.01.24-03.56.16:892][  0]LogTemp: Display: Loaded TP AndroidTargetPlatform
[2019.01.24-03.56.16:892][  0]LogTemp: Display: Loaded TP AndroidTargetPlatform
[2019.01.24-03.56.16:892][  0]LogTemp: Display: Loaded TP AndroidTargetPlatform
[2019.01.24-03.56.16:892][  0]LogTemp: Display: Loaded TP AndroidTargetPlatform
[2019.01.24-03.56.16:892][  0]LogTemp: Display: Loaded TP AndroidTargetPlatform
[2019.01.24-03.56.16:892][  0]LogTemp: Display: Loaded TP AndroidTargetPlatform
[2019.01.24-03.56.16:935][  0]LogTemp: Display: Loaded TP HTML5TargetPlatform
[2019.01.24-03.56.17:046][  0]LogTemp: Display: Loaded TP IOSTargetPlatform
[2019.01.24-03.56.17:046][  0]LogTemp: Display: Loaded TP IOSTargetPlatform
[2019.01.24-03.56.17:113][  0]LogTemp: Display: Loaded TP TVOSTargetPlatform
[2019.01.24-03.56.17:113][  0]LogTemp: Display: Loaded TP TVOSTargetPlatform
[2019.01.24-03.56.17:181][  0]LogTemp: Display: Loaded TP LinuxClientTargetPlatform
[2019.01.24-03.56.17:195][  0]LogTemp: Display: Loaded TP LinuxNoEditorTargetPlatform
[2019.01.24-03.56.17:210][  0]LogTemp: Display: Loaded TP LinuxServerTargetPlatform
[2019.01.24-03.56.17:234][  0]LogTemp: Display: Loaded TP LinuxTargetPlatform
[2019.01.24-03.56.17:287][  0]LogTemp: Display: Loaded TP LuminTargetPlatform
[2019.01.24-03.56.17:287][  0]LogTemp: Display: Loaded TP LuminTargetPlatform
[2019.01.24-03.56.17:288][  0]LogTargetPlatformManager: Display: Building Assets For Windows
[2019.01.24-03.56.17:847][  0]LogShaderCompilers: Guid format shader working directory is 4 characters bigger than the processId version (../../../../../UnrealProjects/Project-Air/GameProject/Intermediate/Shaders/WorkingDirectory/13484/).
[2019.01.24-03.56.17:847][  0]LogShaderCompilers: Cleaned the shader compiler working directory 'C:/Users/Nicholas Williams/AppData/Local/Temp/UnrealShaderWorkingDir/9F3AAEE24706CB980F88F8AD954F4B50/'.
[2019.01.24-03.56.17:875][  0]LogXGEController: Cleaning working directory: C:/Users/Nicholas Williams/AppData/Local/Temp/UnrealXGEWorkingDir/
[2019.01.24-03.56.17:875][  0]LogXGEController: Cannot use XGE Controller as Incredibuild is not installed on this machine.
[2019.01.24-03.56.17:875][  0]LogShaderCompilers: Cannot use XGE Shader Compiler as Incredibuild is not installed on this machine.
[2019.01.24-03.56.17:875][  0]LogShaderCompilers: Display: Using Local Shader Compiler.
[2019.01.24-03.56.19:441][  0]LogDerivedDataCache: Display: Max Cache Size: 512 MB
[2019.01.24-03.56.19:777][  0]LogDerivedDataCache: Loaded boot cache 0.34s 71MB C:/Users/Nicholas Williams/AppData/Local/UnrealEngine/4.21/DerivedDataCache/Boot.ddc.
[2019.01.24-03.56.19:777][  0]LogDerivedDataCache: Display: Loaded Boot cache: C:/Users/Nicholas Williams/AppData/Local/UnrealEngine/4.21/DerivedDataCache/Boot.ddc
[2019.01.24-03.56.19:778][  0]LogDerivedDataCache: FDerivedDataBackendGraph:  Pak pak cache file ../../../../../UnrealProjects/Project-Air/GameProject/DerivedDataCache/DDC.ddp not found, will not use a pak cache.
[2019.01.24-03.56.19:778][  0]LogDerivedDataCache: Unable to find inner node Pak for hierarchical cache Hierarchy.
[2019.01.24-03.56.19:778][  0]LogDerivedDataCache: FDerivedDataBackendGraph:  CompressedPak pak cache file ../../../../../UnrealProjects/Project-Air/GameProject/DerivedDataCache/Compressed.ddp not found, will not use a pak cache.
[2019.01.24-03.56.19:778][  0]LogDerivedDataCache: Unable to find inner node CompressedPak for hierarchical cache Hierarchy.
[2019.01.24-03.56.19:854][  0]LogDerivedDataCache: Display: Pak cache opened for reading ../../../Engine/DerivedDataCache/Compressed.ddp.
[2019.01.24-03.56.19:854][  0]LogDerivedDataCache: FDerivedDataBackendGraph:  EnterprisePak pak cache file ../../../Enterprise/DerivedDataCache/Compressed.ddp not found, will not use a pak cache.
[2019.01.24-03.56.19:854][  0]LogDerivedDataCache: Unable to find inner node EnterprisePak for hierarchical cache Hierarchy.
[2019.01.24-03.56.19:867][  0]LogDerivedDataCache: Using Local data cache path C:/Users/Nicholas Williams/AppData/Local/UnrealEngine/Common/DerivedDataCache: Writable
[2019.01.24-03.56.19:867][  0]LogDerivedDataCache: Shared data cache path not found in *engine.ini, will not use an Shared cache.
[2019.01.24-03.56.19:867][  0]LogDerivedDataCache: Unable to find inner node Shared for hierarchical cache Hierarchy.
[2019.01.24-03.56.19:917][  0]LogMaterial: Verifying Global Shaders for PCD3D_SM5
[2019.01.24-03.56.20:020][  0]LogSlate: Using FreeType 2.6.0
[2019.01.24-03.56.20:148][  0]LogSlate: SlateFontServices - WITH_FREETYPE: 1, WITH_HARFBUZZ: 1
[2019.01.24-03.56.21:111][  0]LogAssetRegistry: FAssetRegistry took 0.0401 seconds to start up
[2019.01.24-03.56.24:787][  0]LogInit: Selected Device Profile: [Windows]
[2019.01.24-03.56.28:234][  0]LogSimplygon: Simplygon DLL not present - disabling.
[2019.01.24-03.56.28:778][  0]LogMeshReduction: Using SimplygonSwarm for distributed automatic mesh merging
[2019.01.24-03.56.28:778][  0]LogMeshReduction: Using ProxyLODMeshReduction for automatic mesh merging
[2019.01.24-03.56.28:789][  0]LogMeshReduction: Using QuadricMeshReduction for automatic static mesh reduction
[2019.01.24-03.56.28:789][  0]LogMeshReduction: No automatic skeletal mesh reduction module available
[2019.01.24-03.56.29:555][  0]LogNetVersion: GameProject 1.0.0, NetCL: 4541578, EngineNetVer: 5, GameNetVer: 0 (Checksum: 460041016)
[2019.01.24-03.56.34:675][  0]LogPackageLocalizationCache: Processed 11 localized package path(s) for 2 prioritized culture(s) in 0.233418 seconds
[2019.01.24-03.56.34:700][  0]LogUObjectArray: 39775 objects as part of root set at end of initial load.
[2019.01.24-03.56.34:700][  0]LogUObjectAllocator: 6914656 out of 0 bytes used by permanent object pool.
[2019.01.24-03.56.34:700][  0]LogUObjectArray: CloseDisregardForGC: 0/0 objects in disregard for GC pool
[2019.01.24-03.56.49:274][  0]LogTcpMessaging: Initializing TcpMessaging bridge
[2019.01.24-03.56.49:320][  0]LogUdpMessaging: Initializing bridge on interface 0.0.0.0:0 to multicast group 230.0.0.1:6666.
[2019.01.24-03.56.51:308][  0]SourceControl: Source control is disabled
[2019.01.24-03.56.51:318][  0]SourceControl: Source control is disabled
[2019.01.24-03.56.51:405][  0]SourceControl: Source control is disabled
[2019.01.24-03.56.51:424][  0]SourceControl: Source control is disabled
[2019.01.24-03.56.52:611][  0]LogAndroidPermission: UAndroidPermissionCallbackProxy::GetInstance
[2019.01.24-03.56.52:970][  0]LogOcInput: OculusInput pre-init called
[2019.01.24-03.56.54:788][  0]LogEngine: Initializing Engine...
[2019.01.24-03.56.54:828][  0]LogHMD: Failed to initialize OpenVR with code 110
[2019.01.24-03.56.54:872][  0]LogStats: UGameplayTagsManager::ConstructGameplayTagTree: ImportINI prefixes -  0.000 s
[2019.01.24-03.56.54:872][  0]LogStats: UGameplayTagsManager::ConstructGameplayTagTree: Construct from data asset -  0.000 s
[2019.01.24-03.56.54:872][  0]LogStats: UGameplayTagsManager::ConstructGameplayTagTree: ImportINI -  0.000 s
[2019.01.24-03.56.54:872][  0]LogStats: UGameplayTagsManager::ConstructGameplayTagTree: GameplayTagTreeChangedEvent.Broadcast -  0.000 s
[2019.01.24-03.56.55:708][  0]LogInit: Initializing FReadOnlyCVARCache
[2019.01.24-03.56.56:466][  0]LogAIModule: Creating AISystem for world Untitled
[2019.01.24-03.56.56:784][  0]LogInit: XAudio2 using 'Speakers (Realtek High Definition Audio)' : 2 channels at 48 kHz using 32 bits per sample (channel mask 0x3)
[2019.01.24-03.56.56:854][  0]LogInit: FAudioDevice initialized.
[2019.01.24-03.56.56:869][  0]LogNetVersion: Set ProjectVersion to 1.0.0.0. Version Checksum will be recalculated on next use.
[2019.01.24-03.56.57:061][  0]LogDerivedDataCache: Saved boot cache 0.19s 71MB C:/Users/Nicholas Williams/AppData/Local/UnrealEngine/4.21/DerivedDataCache/Boot.ddc.
[2019.01.24-03.56.57:091][  0]LogInit: Texture streaming: Enabled
[2019.01.24-03.56.57:302][  0]LogEngineSessionManager: EngineSessionManager initialized
[2019.01.24-03.56.57:653][  0]LogInit: Transaction tracking system initialized
[2019.01.24-03.56.57:995][  0]BlueprintLog: New page: Editor Load
[2019.01.24-03.56.59:218][  0]LocalizationService: Localization service is disabled
[2019.01.24-03.57.04:287][  0]LogFileCache: Scanning file cache for directory 'D:/Code/UnrealProjects/Project-Air/GameProject/Content/' took 0.13s
[2019.01.24-03.57.04:287][  0]LogCook: Display: Max memory allowance for cook 16384mb min free memory 0mb
[2019.01.24-03.57.04:289][  0]LogCook: Display: Mobile HDR setting 1
[2019.01.24-03.57.04:339][  0]LogGameplayTags: Display: UGameplayTagsManager::DoneAddingNativeTags. DelegateIsBound: 0
[2019.01.24-03.57.04:340][  0]LogStats: UGameplayTagsManager::ConstructGameplayTagTree: ImportINI prefixes -  0.000 s
[2019.01.24-03.57.04:340][  0]LogStats: UGameplayTagsManager::ConstructGameplayTagTree: Construct from data asset -  0.000 s
[2019.01.24-03.57.04:341][  0]LogStats: UGameplayTagsManager::ConstructGameplayTagTree: ImportINI -  0.000 s
[2019.01.24-03.57.04:341][  0]LogStats: UGameplayTagsManager::ConstructGameplayTagTree: GameplayTagTreeChangedEvent.Broadcast -  0.000 s
[2019.01.24-03.57.06:897][  0]SourceControl: Source control is disabled
[2019.01.24-03.57.06:947][  0]Cmd: MAP LOAD FILE="../../../../../UnrealProjects/Project-Air/GameProject/Content/ThirdPersonBP/Maps/ThirdPersonExampleMap.umap" TEMPLATE=0 SHOWPROGRESS=1 FEATURELEVEL=3
[2019.01.24-03.57.07:041][  0]LightingResults: New page: Lighting Build
[2019.01.24-03.57.07:342][  0]MapCheck: New page: Map Check
[2019.01.24-03.57.07:342][  0]LightingResults: New page: Lighting Build
[2019.01.24-03.57.10:606][  0]LogAIModule: Creating AISystem for world ThirdPersonExampleMap
[2019.01.24-03.57.11:472][  0]LogEditorServer: Finished looking for orphan Actors (0.000 secs)
[2019.01.24-03.57.11:690][  0]Cmd: MAP CHECKDEP NOCLEARLOG
[2019.01.24-03.57.11:700][  0]MapCheck: Map check complete: 0 Error(s), 0 Warning(s), took 0.447ms to complete.
[2019.01.24-03.57.11:708][  0]LogFileHelpers: Loading map 'ThirdPersonExampleMap' took 4.780
[2019.01.24-03.57.13:903][  0]LogSlate: Updating window title bar state: overlay mode, drag disabled, window buttons hidden, title bar hidden
[2019.01.24-03.57.13:929][  0]LogSlate: Updating window title bar state: overlay mode, drag disabled, window buttons hidden, title bar hidden
[2019.01.24-03.57.13:938][  0]LogSlate: Updating window title bar state: overlay mode, drag disabled, window buttons hidden, title bar hidden
[2019.01.24-03.57.13:946][  0]LogSlate: Updating window title bar state: overlay mode, drag disabled, window buttons hidden, title bar hidden
[2019.01.24-03.57.14:032][  0]LogCollectionManager: Loaded 0 collections in 0.001439 seconds
[2019.01.24-03.57.14:201][  0]LogFileCache: Scanning file cache for directory 'D:/Code/UnrealProjects/Project-Air/GameProject/Saved/Collections/' took 0.01s
[2019.01.24-03.57.14:201][  0]LogFileCache: Scanning file cache for directory 'D:/Code/UnrealProjects/Project-Air/GameProject/Content/Developers/NicholasWilliams/Collections/' took 0.01s
[2019.01.24-03.57.14:201][  0]LogFileCache: Scanning file cache for directory 'D:/Code/UnrealProjects/Project-Air/GameProject/Content/Collections/' took 0.00s
[2019.01.24-03.57.14:201][  0]LogCollectionManager: Rebuilt the GUID cache for 0 collections in 0.000000 seconds
[2019.01.24-03.57.14:215][  0]LogContentBrowser: Native class hierarchy populated in 0.0115 seconds. Added 2651 classes and 620 folders.
[2019.01.24-03.57.14:421][  0]LogContentBrowser: Native class hierarchy updated for 'WidgetCarousel' in 0.0004 seconds. Added 0 classes and 0 folders.
[2019.01.24-03.57.14:490][  0]LogPakFile: Registered encryption key '00000000000000000000000000000000': 0 pak files mounted, 0 remain pending
[2019.01.24-03.57.14:547][  0]LogPakFile: Registered encryption key '00000000000000000000000000000000': 0 pak files mounted, 0 remain pending
[2019.01.24-03.57.14:553][  0]LogPakFile: Registered encryption key '00000000000000000000000000000000': 0 pak files mounted, 0 remain pending
[2019.01.24-03.57.14:566][  0]LogPakFile: Registered encryption key '00000000000000000000000000000000': 0 pak files mounted, 0 remain pending
[2019.01.24-03.57.14:568][  0]LogPakFile: Registered encryption key '00000000000000000000000000000000': 0 pak files mounted, 0 remain pending
[2019.01.24-03.57.14:570][  0]LogPakFile: Registered encryption key '00000000000000000000000000000000': 0 pak files mounted, 0 remain pending
[2019.01.24-03.57.14:576][  0]LogPakFile: Registered encryption key '00000000000000000000000000000000': 0 pak files mounted, 0 remain pending
[2019.01.24-03.57.14:584][  0]LogPakFile: Registered encryption key '00000000000000000000000000000000': 0 pak files mounted, 0 remain pending
[2019.01.24-03.57.14:585][  0]LogPakFile: Registered encryption key '00000000000000000000000000000000': 0 pak files mounted, 0 remain pending
[2019.01.24-03.57.14:588][  0]LogPakFile: Registered encryption key '00000000000000000000000000000000': 0 pak files mounted, 0 remain pending
[2019.01.24-03.57.14:590][  0]LogPakFile: Registered encryption key '00000000000000000000000000000000': 0 pak files mounted, 0 remain pending
[2019.01.24-03.57.14:592][  0]LogPakFile: Registered encryption key '00000000000000000000000000000000': 0 pak files mounted, 0 remain pending
[2019.01.24-03.57.14:603][  0]LogPakFile: Registered encryption key '00000000000000000000000000000000': 0 pak files mounted, 0 remain pending
[2019.01.24-03.57.14:614][  0]LogPakFile: Registered encryption key '00000000000000000000000000000000': 0 pak files mounted, 0 remain pending
[2019.01.24-03.57.14:621][  0]LogPakFile: Registered encryption key '00000000000000000000000000000000': 0 pak files mounted, 0 remain pending
[2019.01.24-03.57.14:623][  0]LogPakFile: Registered encryption key '00000000000000000000000000000000': 0 pak files mounted, 0 remain pending
[2019.01.24-03.57.14:625][  0]LogPakFile: Registered encryption key '00000000000000000000000000000000': 0 pak files mounted, 0 remain pending
[2019.01.24-03.57.14:627][  0]LogPakFile: Registered encryption key '00000000000000000000000000000000': 0 pak files mounted, 0 remain pending
[2019.01.24-03.57.14:628][  0]LogPakFile: Registered encryption key '00000000000000000000000000000000': 0 pak files mounted, 0 remain pending
[2019.01.24-03.57.14:630][  0]LogPakFile: Registered encryption key '00000000000000000000000000000000': 0 pak files mounted, 0 remain pending
[2019.01.24-03.57.14:632][  0]LogPakFile: Registered encryption key '00000000000000000000000000000000': 0 pak files mounted, 0 remain pending
[2019.01.24-03.57.14:635][  0]LogPakFile: Registered encryption key '00000000000000000000000000000000': 0 pak files mounted, 0 remain pending
[2019.01.24-03.57.14:653][  0]LogPakFile: Registered encryption key '00000000000000000000000000000000': 0 pak files mounted, 0 remain pending
[2019.01.24-03.57.14:672][  0]LogPakFile: Registered encryption key '00000000000000000000000000000000': 0 pak files mounted, 0 remain pending
[2019.01.24-03.57.14:690][  0]LogPakFile: Registered encryption key '00000000000000000000000000000000': 0 pak files mounted, 0 remain pending
[2019.01.24-03.57.14:692][  0]LogPakFile: Registered encryption key '00000000000000000000000000000000': 0 pak files mounted, 0 remain pending
[2019.01.24-03.57.15:073][  0]LogContentBrowser: Native class hierarchy updated for 'AddContentDialog' in 0.0003 seconds. Added 0 classes and 0 folders.
[2019.01.24-03.57.15:129][  0]LogContentBrowser: Native class hierarchy updated for 'SceneOutliner' in 0.0003 seconds. Added 1 classes and 2 folders.
[2019.01.24-03.57.16:475][  0]LogSlate: Took 0.013058 seconds to synchronously load lazily loaded font '../../../Engine/Content/Slate/Fonts/Roboto-Regular.ttf' (155K)
[2019.01.24-03.57.16:535][  0]LogSlate: Took 0.045011 seconds to synchronously load lazily loaded font '../../../Engine/Content/Slate/Fonts/Roboto-Bold.ttf' (160K)
[2019.01.24-03.57.16:623][  0]LogSlate: Took 0.016324 seconds to synchronously load lazily loaded font '../../../Engine/Content/Editor/Slate/Fonts/FontAwesome.ttf' (139K)
[2019.01.24-03.57.17:574][  0]LogRenderer: Reallocating scene render targets to support 1940x1044 Format 9 NumSamples 1 (Frame:1).
[2019.01.24-03.57.19:652][  0]LogContentBrowser: Native class hierarchy updated for 'HierarchicalLODOutliner' in 0.0003 seconds. Added 0 classes and 0 folders.
[2019.01.24-03.57.19:652][  0]LogLoad: (Engine Initialization) Total time: 87.23 seconds
[2019.01.24-03.57.19:652][  0]LogLoad: (Engine Initialization) Total Blueprint compile time: 0.00 seconds
[2019.01.24-03.57.20:341][  0]LogContentStreaming: Texture pool size now 600 MB
[2019.01.24-03.57.21:159][  2]LogSlate: Took 0.054219 seconds to synchronously load lazily loaded font '../../../Engine/Content/Slate/Fonts/Roboto-Light.ttf' (167K)
[2019.01.24-03.57.21:482][  3]LogAssetRegistry: Asset discovery search completed in 60.3929 seconds
[2019.01.24-03.57.21:504][  3]LogCollectionManager: Rebuilt the object cache for 0 collections in 0.000000 seconds (found 0 objects)
[2019.01.24-03.57.21:504][  3]LogCollectionManager: Fixed up redirectors for 0 collections in 0.007307 seconds (updated 0 objects)
[2019.01.24-04.28.15:107][563]LogSlate: FSceneViewport::OnFocusLost() reason 2
[2019.01.24-05.11.45:866][438]LogSlate: FSceneViewport::OnFocusLost() reason 2
[2019.01.24-06.48.07:317][791]LogSlate: FSceneViewport::OnFocusLost() reason 2
[2019.01.24-06.48.08:789][797]LogSlate: FSceneViewport::OnFocusLost() reason 2
[2019.01.24-09.01.54:735][694]LogD3D11RHI: Timed out while waiting for GPU to catch up. (500 ms)
[2019.01.24-11.16.21:886][861]LogAudio: Warning: Current Audio Device with ID {0.0.0.00000000}.{4cbc1a15-cbb4-45c7-8095-76f958177e01} was removed. Shutting down audio device.
[2019.01.24-11.16.21:887][861]LogAudio: Warning: Current Audio Device with ID {0.0.0.00000000}.{4cbc1a15-cbb4-45c7-8095-76f958177e01} was removed. Shutting down audio device.
[2019.01.24-11.16.21:887][861]LogInit: No audio devices found!
[2019.01.24-11.16.30:131][885]LogInit: XAudio2 using 'Speakers (Realtek High Definition Audio)' : 2 channels at 48 kHz using 32 bits per sample (channel mask 0x3)
[2019.01.24-11.16.40:309][913]LogSlate: FSceneViewport::OnFocusLost() reason 2
[2019.01.24-11.48.00:584][556]LogSlate: FSceneViewport::OnFocusLost() reason 2
